{"/Users/achibukz/Code/GitHub/stsweng-s19-grp3/src/lib/pdf.ts": {"path":"/Users/achibukz/Code/GitHub/stsweng-s19-grp3/src/lib/pdf.ts","statementMap":{"0":{"start":{"line":11,"column":0},"end":{"line":11,"column":null}},"1":{"start":{"line":30,"column":29},"end":{"line":30,"column":30}},"2":{"start":{"line":38,"column":30},"end":{"line":38,"column":44}},"3":{"start":{"line":39,"column":4},"end":{"line":39,"column":19}},"4":{"start":{"line":40,"column":4},"end":{"line":40,"column":21}},"5":{"start":{"line":41,"column":4},"end":{"line":41,"column":23}},"6":{"start":{"line":42,"column":4},"end":{"line":42,"column":25}},"7":{"start":{"line":43,"column":4},"end":{"line":43,"column":29}},"8":{"start":{"line":44,"column":4},"end":{"line":44,"column":31}},"9":{"start":{"line":63,"column":29},"end":{"line":63,"column":31}},"10":{"start":{"line":64,"column":23},"end":{"line":64,"column":24}},"11":{"start":{"line":65,"column":18},"end":{"line":65,"column":42}},"12":{"start":{"line":67,"column":6},"end":{"line":68,"column":36}},"13":{"start":{"line":69,"column":23},"end":{"line":69,"column":64}},"14":{"start":{"line":70,"column":4},"end":{"line":70,"column":51}},"15":{"start":{"line":71,"column":4},"end":{"line":71,"column":68}},"16":{"start":{"line":72,"column":4},"end":{"line":84,"column":7}},"17":{"start":{"line":85,"column":4},"end":{"line":85,"column":51}},"18":{"start":{"line":86,"column":4},"end":{"line":86,"column":53}},"19":{"start":{"line":87,"column":4},"end":{"line":87,"column":16}},"20":{"start":{"line":99,"column":25},"end":{"line":99,"column":27}},"21":{"start":{"line":100,"column":23},"end":{"line":100,"column":27}},"22":{"start":{"line":101,"column":4},"end":{"line":106,"column":7}},"23":{"start":{"line":107,"column":23},"end":{"line":107,"column":64}},"24":{"start":{"line":108,"column":4},"end":{"line":108,"column":45}},"25":{"start":{"line":109,"column":4},"end":{"line":109,"column":16}},"26":{"start":{"line":119,"column":4},"end":{"line":119,"column":21}},"27":{"start":{"line":123,"column":4},"end":{"line":123,"column":61}},"28":{"start":{"line":127,"column":4},"end":{"line":127,"column":29}},"29":{"start":{"line":131,"column":4},"end":{"line":131,"column":29}},"30":{"start":{"line":156,"column":4},"end":{"line":156,"column":19}},"31":{"start":{"line":157,"column":4},"end":{"line":157,"column":29}},"32":{"start":{"line":158,"column":4},"end":{"line":158,"column":29}},"33":{"start":{"line":159,"column":4},"end":{"line":159,"column":31}},"34":{"start":{"line":169,"column":19},"end":{"line":169,"column":45}},"35":{"start":{"line":170,"column":21},"end":{"line":170,"column":69}},"36":{"start":{"line":171,"column":22},"end":{"line":171,"column":73}},"37":{"start":{"line":172,"column":24},"end":{"line":172,"column":75}},"38":{"start":{"line":173,"column":4},"end":{"line":173,"column":23}},"39":{"start":{"line":183,"column":17},"end":{"line":183,"column":36}},"40":{"start":{"line":184,"column":4},"end":{"line":184,"column":65}},"41":{"start":{"line":195,"column":24},"end":{"line":195,"column":54}},"42":{"start":{"line":196,"column":26},"end":{"line":198,"column":null}},"43":{"start":{"line":200,"column":4},"end":{"line":200,"column":61}},"44":{"start":{"line":200,"column":36},"end":{"line":200,"column":59}},"45":{"start":{"line":201,"column":4},"end":{"line":201,"column":16}},"46":{"start":{"line":208,"column":18},"end":{"line":208,"column":40}},"47":{"start":{"line":209,"column":17},"end":{"line":209,"column":63}},"48":{"start":{"line":210,"column":16},"end":{"line":210,"column":41}},"49":{"start":{"line":211,"column":4},"end":{"line":211,"column":31}},"50":{"start":{"line":212,"column":4},"end":{"line":212,"column":15}},"51":{"start":{"line":138,"column":0},"end":{"line":138,"column":13}}},"fnMap":{"0":{"name":"(anonymous_0)","decl":{"start":{"line":32,"column":2},"end":{"line":32,"column":null}},"loc":{"start":{"line":36,"column":22},"end":{"line":45,"column":3}}},"1":{"name":"(anonymous_1)","decl":{"start":{"line":53,"column":2},"end":{"line":53,"column":8}},"loc":{"start":{"line":61,"column":5},"end":{"line":88,"column":3}}},"2":{"name":"(anonymous_2)","decl":{"start":{"line":98,"column":2},"end":{"line":98,"column":6}},"loc":{"start":{"line":98,"column":19},"end":{"line":110,"column":3}}},"3":{"name":"(anonymous_3)","decl":{"start":{"line":118,"column":2},"end":{"line":118,"column":9}},"loc":{"start":{"line":118,"column":9},"end":{"line":120,"column":3}}},"4":{"name":"(anonymous_4)","decl":{"start":{"line":122,"column":10},"end":{"line":122,"column":21}},"loc":{"start":{"line":122,"column":21},"end":{"line":124,"column":3}}},"5":{"name":"(anonymous_5)","decl":{"start":{"line":126,"column":10},"end":{"line":126,"column":21}},"loc":{"start":{"line":126,"column":21},"end":{"line":128,"column":3}}},"6":{"name":"(anonymous_6)","decl":{"start":{"line":130,"column":10},"end":{"line":130,"column":21}},"loc":{"start":{"line":130,"column":21},"end":{"line":132,"column":3}}},"7":{"name":"(anonymous_7)","decl":{"start":{"line":150,"column":2},"end":{"line":150,"column":null}},"loc":{"start":{"line":154,"column":20},"end":{"line":160,"column":3}}},"8":{"name":"(anonymous_8)","decl":{"start":{"line":168,"column":2},"end":{"line":168,"column":8}},"loc":{"start":{"line":168,"column":35},"end":{"line":174,"column":3}}},"9":{"name":"(anonymous_9)","decl":{"start":{"line":182,"column":2},"end":{"line":182,"column":11}},"loc":{"start":{"line":182,"column":11},"end":{"line":185,"column":3}}},"10":{"name":"(anonymous_10)","decl":{"start":{"line":194,"column":2},"end":{"line":194,"column":7}},"loc":{"start":{"line":194,"column":41},"end":{"line":202,"column":3}}},"11":{"name":"(anonymous_11)","decl":{"start":{"line":200,"column":26},"end":{"line":200,"column":27}},"loc":{"start":{"line":200,"column":36},"end":{"line":200,"column":59}}},"12":{"name":"(anonymous_12)","decl":{"start":{"line":207,"column":2},"end":{"line":207,"column":7}},"loc":{"start":{"line":207,"column":12},"end":{"line":213,"column":3}}}},"branchMap":{"0":{"loc":{"start":{"line":56,"column":6},"end":{"line":56,"column":14}},"type":"default-arg","locations":[{"start":{"line":56,"column":13},"end":{"line":56,"column":14}}]},"1":{"loc":{"start":{"line":57,"column":6},"end":{"line":57,"column":24}},"type":"default-arg","locations":[{"start":{"line":57,"column":18},"end":{"line":57,"column":24}}]},"2":{"loc":{"start":{"line":74,"column":8},"end":{"line":80,"column":30}},"type":"cond-expr","locations":[{"start":{"line":75,"column":12},"end":{"line":75,"column":30}},{"start":{"line":76,"column":12},"end":{"line":80,"column":30}}]},"3":{"loc":{"start":{"line":76,"column":12},"end":{"line":80,"column":30}},"type":"cond-expr","locations":[{"start":{"line":77,"column":12},"end":{"line":77,"column":56}},{"start":{"line":78,"column":12},"end":{"line":80,"column":30}}]},"4":{"loc":{"start":{"line":78,"column":12},"end":{"line":80,"column":30}},"type":"cond-expr","locations":[{"start":{"line":79,"column":12},"end":{"line":79,"column":43}},{"start":{"line":80,"column":12},"end":{"line":80,"column":30}}]}},"s":{"0":0,"1":0,"2":0,"3":0,"4":0,"5":0,"6":0,"7":0,"8":0,"9":0,"10":0,"11":0,"12":0,"13":0,"14":0,"15":0,"16":0,"17":0,"18":0,"19":0,"20":0,"21":0,"22":0,"23":0,"24":0,"25":0,"26":0,"27":0,"28":0,"29":0,"30":0,"31":0,"32":0,"33":0,"34":0,"35":0,"36":0,"37":0,"38":0,"39":0,"40":0,"41":0,"42":0,"43":0,"44":0,"45":0,"46":0,"47":0,"48":0,"49":0,"50":0,"51":0},"f":{"0":0,"1":0,"2":0,"3":0,"4":0,"5":0,"6":0,"7":0,"8":0,"9":0,"10":0,"11":0,"12":0},"b":{"0":[0],"1":[0],"2":[0,0],"3":[0,0],"4":[0,0]}}
,"/Users/achibukz/Code/GitHub/stsweng-s19-grp3/src/lib/table.ts": {"path":"/Users/achibukz/Code/GitHub/stsweng-s19-grp3/src/lib/table.ts","statementMap":{"0":{"start":{"line":15,"column":0},"end":{"line":15,"column":7}},"1":{"start":{"line":6,"column":0},"end":{"line":6,"column":32}},"2":{"start":{"line":23,"column":19},"end":{"line":28,"column":null}},"3":{"start":{"line":30,"column":2},"end":{"line":30,"column":34}},"4":{"start":{"line":47,"column":12},"end":{"line":47,"column":14}},"5":{"start":{"line":48,"column":2},"end":{"line":50,"column":3}},"6":{"start":{"line":49,"column":4},"end":{"line":49,"column":28}},"7":{"start":{"line":51,"column":21},"end":{"line":51,"column":23}},"8":{"start":{"line":53,"column":2},"end":{"line":57,"column":3}},"9":{"start":{"line":54,"column":4},"end":{"line":56,"column":5}},"10":{"start":{"line":55,"column":6},"end":{"line":55,"column":67}},"11":{"start":{"line":60,"column":24},"end":{"line":61,"column":73}},"12":{"start":{"line":61,"column":4},"end":{"line":61,"column":73}},"13":{"start":{"line":61,"column":30},"end":{"line":61,"column":72}},"14":{"start":{"line":61,"column":62},"end":{"line":61,"column":70}},"15":{"start":{"line":63,"column":39},"end":{"line":63,"column":77}},"16":{"start":{"line":63,"column":65},"end":{"line":63,"column":76}},"17":{"start":{"line":64,"column":34},"end":{"line":65,"column":null}},"18":{"start":{"line":65,"column":4},"end":{"line":65,"column":34}},"19":{"start":{"line":65,"column":22},"end":{"line":65,"column":33}},"20":{"start":{"line":67,"column":2},"end":{"line":67,"column":39}},"21":{"start":{"line":69,"column":29},"end":{"line":69,"column":55}},"22":{"start":{"line":70,"column":2},"end":{"line":70,"column":71}},"23":{"start":{"line":70,"column":50},"end":{"line":70,"column":69}},"24":{"start":{"line":73,"column":20},"end":{"line":76,"column":41}},"25":{"start":{"line":74,"column":4},"end":{"line":76,"column":41}},"26":{"start":{"line":78,"column":17},"end":{"line":79,"column":42}},"27":{"start":{"line":79,"column":4},"end":{"line":79,"column":42}},"28":{"start":{"line":81,"column":19},"end":{"line":82,"column":44}},"29":{"start":{"line":82,"column":4},"end":{"line":82,"column":44}},"30":{"start":{"line":85,"column":2},"end":{"line":112,"column":3}},"31":{"start":{"line":85,"column":15},"end":{"line":85,"column":16}},"32":{"start":{"line":86,"column":17},"end":{"line":86,"column":31}},"33":{"start":{"line":88,"column":4},"end":{"line":111,"column":5}},"34":{"start":{"line":89,"column":24},"end":{"line":89,"column":37}},"35":{"start":{"line":90,"column":6},"end":{"line":107,"column":7}},"36":{"start":{"line":92,"column":10},"end":{"line":92,"column":41}},"37":{"start":{"line":93,"column":10},"end":{"line":93,"column":54}},"38":{"start":{"line":94,"column":10},"end":{"line":94,"column":16}},"39":{"start":{"line":96,"column":10},"end":{"line":96,"column":44}},"40":{"start":{"line":97,"column":10},"end":{"line":97,"column":66}},"41":{"start":{"line":98,"column":10},"end":{"line":98,"column":16}},"42":{"start":{"line":100,"column":10},"end":{"line":100,"column":43}},"43":{"start":{"line":101,"column":10},"end":{"line":101,"column":56}},"44":{"start":{"line":102,"column":10},"end":{"line":102,"column":16}},"45":{"start":{"line":104,"column":10},"end":{"line":104,"column":41}},"46":{"start":{"line":105,"column":10},"end":{"line":105,"column":53}},"47":{"start":{"line":106,"column":10},"end":{"line":106,"column":16}},"48":{"start":{"line":109,"column":6},"end":{"line":109,"column":37}},"49":{"start":{"line":110,"column":6},"end":{"line":110,"column":49}},"50":{"start":{"line":114,"column":2},"end":{"line":114,"column":24}},"51":{"start":{"line":115,"column":2},"end":{"line":115,"column":30}},"52":{"start":{"line":118,"column":2},"end":{"line":142,"column":5}},"53":{"start":{"line":119,"column":4},"end":{"line":140,"column":5}},"54":{"start":{"line":119,"column":17},"end":{"line":119,"column":18}},"55":{"start":{"line":120,"column":19},"end":{"line":120,"column":25}},"56":{"start":{"line":121,"column":6},"end":{"line":139,"column":7}},"57":{"start":{"line":122,"column":26},"end":{"line":122,"column":39}},"58":{"start":{"line":123,"column":8},"end":{"line":136,"column":9}},"59":{"start":{"line":125,"column":12},"end":{"line":125,"column":43}},"60":{"start":{"line":126,"column":12},"end":{"line":126,"column":18}},"61":{"start":{"line":128,"column":12},"end":{"line":128,"column":46}},"62":{"start":{"line":129,"column":12},"end":{"line":129,"column":18}},"63":{"start":{"line":131,"column":12},"end":{"line":131,"column":45}},"64":{"start":{"line":132,"column":12},"end":{"line":132,"column":18}},"65":{"start":{"line":134,"column":12},"end":{"line":134,"column":43}},"66":{"start":{"line":135,"column":12},"end":{"line":135,"column":18}},"67":{"start":{"line":138,"column":8},"end":{"line":138,"column":39}},"68":{"start":{"line":141,"column":4},"end":{"line":141,"column":17}},"69":{"start":{"line":144,"column":2},"end":{"line":146,"column":3}},"70":{"start":{"line":145,"column":4},"end":{"line":145,"column":30}},"71":{"start":{"line":147,"column":2},"end":{"line":147,"column":13}},"72":{"start":{"line":155,"column":15},"end":{"line":155,"column":43}},"73":{"start":{"line":156,"column":16},"end":{"line":171,"column":12}},"74":{"start":{"line":172,"column":18},"end":{"line":172,"column":30}},"75":{"start":{"line":174,"column":2},"end":{"line":174,"column":17}}},"fnMap":{"0":{"name":"tableToHtml","decl":{"start":{"line":15,"column":22},"end":{"line":15,"column":33}},"loc":{"start":{"line":22,"column":1},"end":{"line":31,"column":1}}},"1":{"name":"tableToMarkdown","decl":{"start":{"line":40,"column":9},"end":{"line":40,"column":24}},"loc":{"start":{"line":45,"column":17},"end":{"line":148,"column":1}}},"2":{"name":"(anonymous_2)","decl":{"start":{"line":60,"column":24},"end":{"line":60,"column":25}},"loc":{"start":{"line":61,"column":4},"end":{"line":61,"column":73}}},"3":{"name":"(anonymous_3)","decl":{"start":{"line":61,"column":18},"end":{"line":61,"column":19}},"loc":{"start":{"line":61,"column":30},"end":{"line":61,"column":72}}},"4":{"name":"(anonymous_4)","decl":{"start":{"line":61,"column":53},"end":{"line":61,"column":54}},"loc":{"start":{"line":61,"column":62},"end":{"line":61,"column":70}}},"5":{"name":"(anonymous_5)","decl":{"start":{"line":63,"column":55},"end":{"line":63,"column":56}},"loc":{"start":{"line":63,"column":65},"end":{"line":63,"column":76}}},"6":{"name":"(anonymous_6)","decl":{"start":{"line":64,"column":43},"end":{"line":64,"column":44}},"loc":{"start":{"line":65,"column":4},"end":{"line":65,"column":34}}},"7":{"name":"(anonymous_7)","decl":{"start":{"line":65,"column":12},"end":{"line":65,"column":13}},"loc":{"start":{"line":65,"column":22},"end":{"line":65,"column":33}}},"8":{"name":"(anonymous_8)","decl":{"start":{"line":70,"column":30},"end":{"line":70,"column":31}},"loc":{"start":{"line":70,"column":50},"end":{"line":70,"column":69}}},"9":{"name":"(anonymous_9)","decl":{"start":{"line":73,"column":20},"end":{"line":73,"column":21}},"loc":{"start":{"line":74,"column":4},"end":{"line":76,"column":41}}},"10":{"name":"(anonymous_10)","decl":{"start":{"line":78,"column":17},"end":{"line":78,"column":18}},"loc":{"start":{"line":79,"column":4},"end":{"line":79,"column":42}}},"11":{"name":"(anonymous_11)","decl":{"start":{"line":81,"column":19},"end":{"line":81,"column":20}},"loc":{"start":{"line":82,"column":4},"end":{"line":82,"column":44}}},"12":{"name":"(anonymous_12)","decl":{"start":{"line":118,"column":15},"end":{"line":118,"column":16}},"loc":{"start":{"line":118,"column":23},"end":{"line":142,"column":3}}},"13":{"name":"markdownToHtml","decl":{"start":{"line":154,"column":15},"end":{"line":154,"column":29}},"loc":{"start":{"line":154,"column":46},"end":{"line":175,"column":1}}}},"branchMap":{"0":{"loc":{"start":{"line":48,"column":2},"end":{"line":50,"column":3}},"type":"if","locations":[{"start":{"line":48,"column":2},"end":{"line":50,"column":3}}]},"1":{"loc":{"start":{"line":53,"column":2},"end":{"line":57,"column":3}},"type":"if","locations":[{"start":{"line":53,"column":2},"end":{"line":57,"column":3}}]},"2":{"loc":{"start":{"line":54,"column":4},"end":{"line":56,"column":5}},"type":"if","locations":[{"start":{"line":54,"column":4},"end":{"line":56,"column":5}}]},"3":{"loc":{"start":{"line":73,"column":52},"end":{"line":73,"column":70}},"type":"default-arg","locations":[{"start":{"line":73,"column":67},"end":{"line":73,"column":70}}]},"4":{"loc":{"start":{"line":78,"column":49},"end":{"line":78,"column":67}},"type":"default-arg","locations":[{"start":{"line":78,"column":64},"end":{"line":78,"column":67}}]},"5":{"loc":{"start":{"line":81,"column":51},"end":{"line":81,"column":69}},"type":"default-arg","locations":[{"start":{"line":81,"column":66},"end":{"line":81,"column":69}}]},"6":{"loc":{"start":{"line":88,"column":4},"end":{"line":111,"column":5}},"type":"if","locations":[{"start":{"line":88,"column":4},"end":{"line":111,"column":5}},{"start":{"line":108,"column":11},"end":{"line":111,"column":5}}]},"7":{"loc":{"start":{"line":90,"column":6},"end":{"line":107,"column":7}},"type":"switch","locations":[{"start":{"line":91,"column":8},"end":{"line":94,"column":16}},{"start":{"line":95,"column":8},"end":{"line":98,"column":16}},{"start":{"line":99,"column":8},"end":{"line":102,"column":16}},{"start":{"line":103,"column":8},"end":{"line":106,"column":16}}]},"8":{"loc":{"start":{"line":121,"column":6},"end":{"line":139,"column":7}},"type":"if","locations":[{"start":{"line":121,"column":6},"end":{"line":139,"column":7}},{"start":{"line":137,"column":13},"end":{"line":139,"column":7}}]},"9":{"loc":{"start":{"line":123,"column":8},"end":{"line":136,"column":9}},"type":"switch","locations":[{"start":{"line":124,"column":10},"end":{"line":126,"column":18}},{"start":{"line":127,"column":10},"end":{"line":129,"column":18}},{"start":{"line":130,"column":10},"end":{"line":132,"column":18}},{"start":{"line":133,"column":10},"end":{"line":135,"column":18}}]},"10":{"loc":{"start":{"line":144,"column":2},"end":{"line":146,"column":3}},"type":"if","locations":[{"start":{"line":144,"column":2},"end":{"line":146,"column":3}}]}},"s":{"0":0,"1":0,"2":0,"3":0,"4":0,"5":0,"6":0,"7":0,"8":0,"9":0,"10":0,"11":0,"12":0,"13":0,"14":0,"15":0,"16":0,"17":0,"18":0,"19":0,"20":0,"21":0,"22":0,"23":0,"24":0,"25":0,"26":0,"27":0,"28":0,"29":0,"30":0,"31":0,"32":0,"33":0,"34":0,"35":0,"36":0,"37":0,"38":0,"39":0,"40":0,"41":0,"42":0,"43":0,"44":0,"45":0,"46":0,"47":0,"48":0,"49":0,"50":0,"51":0,"52":0,"53":0,"54":0,"55":0,"56":0,"57":0,"58":0,"59":0,"60":0,"61":0,"62":0,"63":0,"64":0,"65":0,"66":0,"67":0,"68":0,"69":0,"70":0,"71":0,"72":0,"73":0,"74":0,"75":0},"f":{"0":0,"1":0,"2":0,"3":0,"4":0,"5":0,"6":0,"7":0,"8":0,"9":0,"10":0,"11":0,"12":0,"13":0},"b":{"0":[0],"1":[0],"2":[0],"3":[0],"4":[0],"5":[0],"6":[0,0],"7":[0,0,0,0],"8":[0,0],"9":[0,0,0,0],"10":[0]}}
,"/Users/achibukz/Code/GitHub/stsweng-s19-grp3/src/lib/db/db.api.ts": {"path":"/Users/achibukz/Code/GitHub/stsweng-s19-grp3/src/lib/db/db.api.ts","statementMap":{"0":{"start":{"line":1,"column":0},"end":{"line":1,"column":35}},"1":{"start":{"line":2,"column":0},"end":{"line":2,"column":45}},"2":{"start":{"line":3,"column":0},"end":{"line":3,"column":34}},"3":{"start":{"line":4,"column":0},"end":{"line":4,"column":39}},"4":{"start":{"line":5,"column":0},"end":{"line":5,"column":35}},"5":{"start":{"line":9,"column":4},"end":{"line":9,"column":19}},"6":{"start":{"line":8,"column":38},"end":{"line":8,"column":56}},"7":{"start":{"line":8,"column":65},"end":{"line":8,"column":77}},"8":{"start":{"line":10,"column":4},"end":{"line":10,"column":27}},"9":{"start":{"line":7,"column":0},"end":{"line":7,"column":13}},"10":{"start":{"line":14,"column":30},"end":{"line":23,"column":1}},"11":{"start":{"line":15,"column":2},"end":{"line":15,"column":45}},"12":{"start":{"line":15,"column":33},"end":{"line":15,"column":45}},"13":{"start":{"line":17,"column":2},"end":{"line":17,"column":38}},"14":{"start":{"line":18,"column":2},"end":{"line":22,"column":4}},"15":{"start":{"line":14,"column":13},"end":{"line":14,"column":30}},"16":{"start":{"line":27,"column":2},"end":{"line":33,"column":3}},"17":{"start":{"line":28,"column":4},"end":{"line":32,"column":6}},"18":{"start":{"line":34,"column":2},"end":{"line":36,"column":3}},"19":{"start":{"line":35,"column":4},"end":{"line":35,"column":71}},"20":{"start":{"line":45,"column":2},"end":{"line":47,"column":3}},"21":{"start":{"line":46,"column":4},"end":{"line":46,"column":71}},"22":{"start":{"line":48,"column":2},"end":{"line":54,"column":3}},"23":{"start":{"line":53,"column":4},"end":{"line":53,"column":71}},"24":{"start":{"line":55,"column":2},"end":{"line":57,"column":3}},"25":{"start":{"line":56,"column":4},"end":{"line":56,"column":73}},"26":{"start":{"line":58,"column":2},"end":{"line":60,"column":3}},"27":{"start":{"line":59,"column":4},"end":{"line":59,"column":77}},"28":{"start":{"line":61,"column":2},"end":{"line":63,"column":3}},"29":{"start":{"line":62,"column":4},"end":{"line":62,"column":77}},"30":{"start":{"line":72,"column":2},"end":{"line":78,"column":3}},"31":{"start":{"line":73,"column":4},"end":{"line":77,"column":6}},"32":{"start":{"line":79,"column":2},"end":{"line":85,"column":3}},"33":{"start":{"line":80,"column":4},"end":{"line":84,"column":6}},"34":{"start":{"line":89,"column":2},"end":{"line":95,"column":3}},"35":{"start":{"line":90,"column":4},"end":{"line":94,"column":6}},"36":{"start":{"line":96,"column":2},"end":{"line":107,"column":3}},"37":{"start":{"line":102,"column":4},"end":{"line":106,"column":6}},"38":{"start":{"line":116,"column":2},"end":{"line":127,"column":3}},"39":{"start":{"line":120,"column":4},"end":{"line":126,"column":6}},"40":{"start":{"line":128,"column":2},"end":{"line":130,"column":3}},"41":{"start":{"line":129,"column":4},"end":{"line":129,"column":71}},"42":{"start":{"line":131,"column":2},"end":{"line":145,"column":3}},"43":{"start":{"line":132,"column":4},"end":{"line":144,"column":7}},"44":{"start":{"line":133,"column":6},"end":{"line":143,"column":7}},"45":{"start":{"line":134,"column":8},"end":{"line":136,"column":9}},"46":{"start":{"line":135,"column":10},"end":{"line":135,"column":25}},"47":{"start":{"line":138,"column":8},"end":{"line":142,"column":10}},"48":{"start":{"line":148,"column":26},"end":{"line":153,"column":11}},"49":{"start":{"line":154,"column":27},"end":{"line":154,"column":75}},"50":{"start":{"line":155,"column":22},"end":{"line":155,"column":59}},"51":{"start":{"line":193,"column":13},"end":{"line":1421,"column":2}},"52":{"start":{"line":196,"column":4},"end":{"line":196,"column":38}},"53":{"start":{"line":197,"column":4},"end":{"line":211,"column":5}},"54":{"start":{"line":198,"column":6},"end":{"line":198,"column":68}},"55":{"start":{"line":199,"column":6},"end":{"line":202,"column":9}},"56":{"start":{"line":203,"column":6},"end":{"line":203,"column":70}},"57":{"start":{"line":204,"column":6},"end":{"line":210,"column":7}},"58":{"start":{"line":205,"column":8},"end":{"line":209,"column":10}},"59":{"start":{"line":212,"column":4},"end":{"line":212,"column":47}},"60":{"start":{"line":214,"column":45},"end":{"line":218,"column":15}},"61":{"start":{"line":220,"column":4},"end":{"line":223,"column":5}},"62":{"start":{"line":221,"column":6},"end":{"line":221,"column":66}},"63":{"start":{"line":222,"column":6},"end":{"line":222,"column":22}},"64":{"start":{"line":225,"column":4},"end":{"line":225,"column":55}},"65":{"start":{"line":227,"column":4},"end":{"line":256,"column":5}},"66":{"start":{"line":228,"column":6},"end":{"line":230,"column":8}},"67":{"start":{"line":232,"column":36},"end":{"line":237,"column":8}},"68":{"start":{"line":239,"column":6},"end":{"line":242,"column":7}},"69":{"start":{"line":240,"column":8},"end":{"line":240,"column":80}},"70":{"start":{"line":241,"column":8},"end":{"line":241,"column":25}},"71":{"start":{"line":244,"column":6},"end":{"line":246,"column":8}},"72":{"start":{"line":248,"column":6},"end":{"line":253,"column":9}},"73":{"start":{"line":255,"column":6},"end":{"line":255,"column":61}},"74":{"start":{"line":258,"column":4},"end":{"line":258,"column":16}},"75":{"start":{"line":262,"column":4},"end":{"line":262,"column":57}},"76":{"start":{"line":263,"column":4},"end":{"line":263,"column":61}},"77":{"start":{"line":264,"column":28},"end":{"line":281,"column":20}},"78":{"start":{"line":282,"column":4},"end":{"line":285,"column":5}},"79":{"start":{"line":283,"column":6},"end":{"line":283,"column":62}},"80":{"start":{"line":284,"column":6},"end":{"line":284,"column":18}},"81":{"start":{"line":286,"column":4},"end":{"line":289,"column":5}},"82":{"start":{"line":287,"column":6},"end":{"line":287,"column":40}},"83":{"start":{"line":288,"column":6},"end":{"line":288,"column":16}},"84":{"start":{"line":290,"column":23},"end":{"line":290,"column":27}},"85":{"start":{"line":291,"column":4},"end":{"line":305,"column":5}},"86":{"start":{"line":292,"column":6},"end":{"line":297,"column":10}},"87":{"start":{"line":292,"column":41},"end":{"line":297,"column":8}},"88":{"start":{"line":295,"column":50},"end":{"line":295,"column":64}},"89":{"start":{"line":298,"column":11},"end":{"line":305,"column":5}},"90":{"start":{"line":299,"column":6},"end":{"line":304,"column":10}},"91":{"start":{"line":299,"column":41},"end":{"line":304,"column":8}},"92":{"start":{"line":302,"column":50},"end":{"line":302,"column":65}},"93":{"start":{"line":306,"column":4},"end":{"line":306,"column":59}},"94":{"start":{"line":307,"column":4},"end":{"line":307,"column":24}},"95":{"start":{"line":311,"column":4},"end":{"line":311,"column":29}},"96":{"start":{"line":312,"column":4},"end":{"line":312,"column":57}},"97":{"start":{"line":313,"column":4},"end":{"line":313,"column":48}},"98":{"start":{"line":314,"column":28},"end":{"line":332,"column":15}},"99":{"start":{"line":333,"column":4},"end":{"line":336,"column":5}},"100":{"start":{"line":334,"column":6},"end":{"line":334,"column":67}},"101":{"start":{"line":335,"column":6},"end":{"line":335,"column":18}},"102":{"start":{"line":337,"column":4},"end":{"line":340,"column":5}},"103":{"start":{"line":338,"column":6},"end":{"line":338,"column":40}},"104":{"start":{"line":339,"column":6},"end":{"line":339,"column":18}},"105":{"start":{"line":341,"column":23},"end":{"line":341,"column":34}},"106":{"start":{"line":342,"column":4},"end":{"line":348,"column":5}},"107":{"start":{"line":343,"column":6},"end":{"line":344,"column":69}},"108":{"start":{"line":344,"column":47},"end":{"line":344,"column":61}},"109":{"start":{"line":345,"column":11},"end":{"line":348,"column":5}},"110":{"start":{"line":346,"column":6},"end":{"line":347,"column":70}},"111":{"start":{"line":347,"column":47},"end":{"line":347,"column":62}},"112":{"start":{"line":349,"column":4},"end":{"line":349,"column":49}},"113":{"start":{"line":350,"column":4},"end":{"line":350,"column":24}},"114":{"start":{"line":354,"column":4},"end":{"line":354,"column":29}},"115":{"start":{"line":355,"column":4},"end":{"line":355,"column":74}},"116":{"start":{"line":355,"column":33},"end":{"line":355,"column":74}},"117":{"start":{"line":356,"column":4},"end":{"line":356,"column":48}},"118":{"start":{"line":358,"column":4},"end":{"line":394,"column":5}},"119":{"start":{"line":360,"column":52},"end":{"line":365,"column":22}},"120":{"start":{"line":366,"column":6},"end":{"line":371,"column":7}},"121":{"start":{"line":367,"column":8},"end":{"line":369,"column":10}},"122":{"start":{"line":370,"column":8},"end":{"line":370,"column":25}},"123":{"start":{"line":372,"column":6},"end":{"line":379,"column":7}},"124":{"start":{"line":373,"column":8},"end":{"line":373,"column":72}},"125":{"start":{"line":374,"column":8},"end":{"line":378,"column":10}},"126":{"start":{"line":380,"column":35},"end":{"line":386,"column":21}},"127":{"start":{"line":388,"column":6},"end":{"line":391,"column":7}},"128":{"start":{"line":389,"column":8},"end":{"line":389,"column":73}},"129":{"start":{"line":390,"column":8},"end":{"line":390,"column":24}},"130":{"start":{"line":393,"column":6},"end":{"line":393,"column":59}},"131":{"start":{"line":396,"column":4},"end":{"line":396,"column":28}},"132":{"start":{"line":406,"column":4},"end":{"line":406,"column":41}},"133":{"start":{"line":407,"column":4},"end":{"line":407,"column":41}},"134":{"start":{"line":408,"column":4},"end":{"line":408,"column":67}},"135":{"start":{"line":410,"column":22},"end":{"line":413,"column":29}},"136":{"start":{"line":415,"column":4},"end":{"line":418,"column":5}},"137":{"start":{"line":416,"column":6},"end":{"line":416,"column":64}},"138":{"start":{"line":417,"column":6},"end":{"line":417,"column":18}},"139":{"start":{"line":420,"column":4},"end":{"line":420,"column":66}},"140":{"start":{"line":421,"column":4},"end":{"line":421,"column":16}},"141":{"start":{"line":441,"column":4},"end":{"line":441,"column":37}},"142":{"start":{"line":442,"column":4},"end":{"line":442,"column":41}},"143":{"start":{"line":443,"column":4},"end":{"line":444,"column":56}},"144":{"start":{"line":444,"column":6},"end":{"line":444,"column":56}},"145":{"start":{"line":445,"column":4},"end":{"line":445,"column":76}},"146":{"start":{"line":445,"column":32},"end":{"line":445,"column":76}},"147":{"start":{"line":446,"column":4},"end":{"line":447,"column":77}},"148":{"start":{"line":447,"column":6},"end":{"line":447,"column":77}},"149":{"start":{"line":448,"column":4},"end":{"line":448,"column":80}},"150":{"start":{"line":448,"column":34},"end":{"line":448,"column":80}},"151":{"start":{"line":449,"column":4},"end":{"line":449,"column":37}},"152":{"start":{"line":450,"column":4},"end":{"line":452,"column":6}},"153":{"start":{"line":454,"column":25},"end":{"line":454,"column":27}},"154":{"start":{"line":455,"column":21},"end":{"line":455,"column":29}},"155":{"start":{"line":458,"column":4},"end":{"line":460,"column":5}},"156":{"start":{"line":459,"column":6},"end":{"line":459,"column":67}},"157":{"start":{"line":463,"column":4},"end":{"line":486,"column":5}},"158":{"start":{"line":465,"column":52},"end":{"line":470,"column":22}},"159":{"start":{"line":472,"column":6},"end":{"line":477,"column":7}},"160":{"start":{"line":473,"column":8},"end":{"line":475,"column":10}},"161":{"start":{"line":476,"column":8},"end":{"line":476,"column":25}},"162":{"start":{"line":479,"column":6},"end":{"line":482,"column":7}},"163":{"start":{"line":480,"column":8},"end":{"line":480,"column":68}},"164":{"start":{"line":481,"column":8},"end":{"line":481,"column":64}},"165":{"start":{"line":484,"column":6},"end":{"line":484,"column":61}},"166":{"start":{"line":485,"column":6},"end":{"line":485,"column":28}},"167":{"start":{"line":489,"column":4},"end":{"line":491,"column":5}},"168":{"start":{"line":490,"column":6},"end":{"line":490,"column":68}},"169":{"start":{"line":493,"column":4},"end":{"line":503,"column":5}},"170":{"start":{"line":494,"column":24},"end":{"line":497,"column":33}},"171":{"start":{"line":499,"column":6},"end":{"line":502,"column":7}},"172":{"start":{"line":500,"column":8},"end":{"line":500,"column":70}},"173":{"start":{"line":501,"column":8},"end":{"line":501,"column":56}},"174":{"start":{"line":506,"column":4},"end":{"line":508,"column":5}},"175":{"start":{"line":507,"column":6},"end":{"line":507,"column":69}},"176":{"start":{"line":510,"column":4},"end":{"line":510,"column":62}},"177":{"start":{"line":511,"column":4},"end":{"line":511,"column":16}},"178":{"start":{"line":515,"column":4},"end":{"line":515,"column":29}},"179":{"start":{"line":516,"column":4},"end":{"line":516,"column":48}},"180":{"start":{"line":518,"column":22},"end":{"line":518,"column":72}},"181":{"start":{"line":520,"column":4},"end":{"line":523,"column":5}},"182":{"start":{"line":521,"column":6},"end":{"line":521,"column":62}},"183":{"start":{"line":522,"column":6},"end":{"line":522,"column":18}},"184":{"start":{"line":525,"column":4},"end":{"line":525,"column":48}},"185":{"start":{"line":526,"column":4},"end":{"line":526,"column":16}},"186":{"start":{"line":542,"column":4},"end":{"line":542,"column":37}},"187":{"start":{"line":543,"column":4},"end":{"line":543,"column":35}},"188":{"start":{"line":544,"column":4},"end":{"line":544,"column":80}},"189":{"start":{"line":544,"column":34},"end":{"line":544,"column":80}},"190":{"start":{"line":545,"column":4},"end":{"line":545,"column":37}},"191":{"start":{"line":546,"column":4},"end":{"line":546,"column":68}},"192":{"start":{"line":547,"column":4},"end":{"line":547,"column":67}},"193":{"start":{"line":549,"column":34},"end":{"line":554,"column":6}},"194":{"start":{"line":556,"column":4},"end":{"line":559,"column":5}},"195":{"start":{"line":557,"column":6},"end":{"line":557,"column":73}},"196":{"start":{"line":558,"column":6},"end":{"line":558,"column":23}},"197":{"start":{"line":561,"column":4},"end":{"line":561,"column":80}},"198":{"start":{"line":563,"column":4},"end":{"line":568,"column":7}},"199":{"start":{"line":570,"column":4},"end":{"line":570,"column":68}},"200":{"start":{"line":572,"column":4},"end":{"line":572,"column":16}},"201":{"start":{"line":576,"column":4},"end":{"line":576,"column":35}},"202":{"start":{"line":577,"column":4},"end":{"line":577,"column":37}},"203":{"start":{"line":578,"column":4},"end":{"line":580,"column":6}},"204":{"start":{"line":583,"column":35},"end":{"line":586,"column":26}},"205":{"start":{"line":588,"column":4},"end":{"line":591,"column":5}},"206":{"start":{"line":589,"column":6},"end":{"line":589,"column":79}},"207":{"start":{"line":590,"column":6},"end":{"line":590,"column":24}},"208":{"start":{"line":593,"column":4},"end":{"line":593,"column":51}},"209":{"start":{"line":596,"column":4},"end":{"line":601,"column":7}},"210":{"start":{"line":603,"column":4},"end":{"line":603,"column":61}},"211":{"start":{"line":604,"column":4},"end":{"line":604,"column":16}},"212":{"start":{"line":608,"column":4},"end":{"line":608,"column":35}},"213":{"start":{"line":609,"column":4},"end":{"line":609,"column":37}},"214":{"start":{"line":610,"column":4},"end":{"line":610,"column":76}},"215":{"start":{"line":611,"column":4},"end":{"line":613,"column":6}},"216":{"start":{"line":616,"column":45},"end":{"line":620,"column":15}},"217":{"start":{"line":621,"column":4},"end":{"line":624,"column":5}},"218":{"start":{"line":622,"column":6},"end":{"line":622,"column":49}},"219":{"start":{"line":623,"column":6},"end":{"line":623,"column":41}},"220":{"start":{"line":627,"column":43},"end":{"line":631,"column":15}},"221":{"start":{"line":632,"column":4},"end":{"line":635,"column":5}},"222":{"start":{"line":633,"column":6},"end":{"line":633,"column":47}},"223":{"start":{"line":634,"column":6},"end":{"line":634,"column":40}},"224":{"start":{"line":637,"column":22},"end":{"line":642,"column":6}},"225":{"start":{"line":644,"column":4},"end":{"line":647,"column":5}},"226":{"start":{"line":645,"column":6},"end":{"line":645,"column":67}},"227":{"start":{"line":646,"column":6},"end":{"line":646,"column":18}},"228":{"start":{"line":649,"column":4},"end":{"line":649,"column":76}},"229":{"start":{"line":650,"column":4},"end":{"line":650,"column":16}},"230":{"start":{"line":664,"column":4},"end":{"line":664,"column":35}},"231":{"start":{"line":665,"column":4},"end":{"line":665,"column":37}},"232":{"start":{"line":666,"column":4},"end":{"line":666,"column":50}},"233":{"start":{"line":667,"column":4},"end":{"line":687,"column":5}},"234":{"start":{"line":668,"column":6},"end":{"line":668,"column":70}},"235":{"start":{"line":669,"column":6},"end":{"line":675,"column":7}},"236":{"start":{"line":670,"column":8},"end":{"line":674,"column":10}},"237":{"start":{"line":676,"column":11},"end":{"line":687,"column":5}},"238":{"start":{"line":677,"column":6},"end":{"line":677,"column":70}},"239":{"start":{"line":678,"column":6},"end":{"line":684,"column":7}},"240":{"start":{"line":679,"column":8},"end":{"line":683,"column":10}},"241":{"start":{"line":686,"column":6},"end":{"line":686,"column":70}},"242":{"start":{"line":688,"column":4},"end":{"line":692,"column":6}},"243":{"start":{"line":695,"column":45},"end":{"line":699,"column":15}},"244":{"start":{"line":700,"column":4},"end":{"line":703,"column":5}},"245":{"start":{"line":701,"column":6},"end":{"line":701,"column":49}},"246":{"start":{"line":702,"column":6},"end":{"line":702,"column":41}},"247":{"start":{"line":706,"column":54},"end":{"line":710,"column":15}},"248":{"start":{"line":712,"column":4},"end":{"line":715,"column":5}},"249":{"start":{"line":713,"column":6},"end":{"line":713,"column":75}},"250":{"start":{"line":714,"column":6},"end":{"line":714,"column":23}},"251":{"start":{"line":717,"column":25},"end":{"line":717,"column":26}},"252":{"start":{"line":718,"column":4},"end":{"line":734,"column":5}},"253":{"start":{"line":719,"column":6},"end":{"line":719,"column":32}},"254":{"start":{"line":720,"column":11},"end":{"line":734,"column":5}},"255":{"start":{"line":721,"column":6},"end":{"line":728,"column":7}},"256":{"start":{"line":722,"column":8},"end":{"line":724,"column":10}},"257":{"start":{"line":725,"column":8},"end":{"line":727,"column":10}},"258":{"start":{"line":729,"column":6},"end":{"line":729,"column":33}},"259":{"start":{"line":730,"column":11},"end":{"line":734,"column":5}},"260":{"start":{"line":731,"column":6},"end":{"line":731,"column":25}},"261":{"start":{"line":733,"column":6},"end":{"line":733,"column":59}},"262":{"start":{"line":737,"column":59},"end":{"line":746,"column":15}},"263":{"start":{"line":748,"column":4},"end":{"line":751,"column":5}},"264":{"start":{"line":749,"column":6},"end":{"line":749,"column":80}},"265":{"start":{"line":750,"column":6},"end":{"line":750,"column":29}},"266":{"start":{"line":753,"column":4},"end":{"line":753,"column":69}},"267":{"start":{"line":756,"column":54},"end":{"line":760,"column":15}},"268":{"start":{"line":762,"column":4},"end":{"line":765,"column":5}},"269":{"start":{"line":763,"column":6},"end":{"line":763,"column":75}},"270":{"start":{"line":764,"column":6},"end":{"line":764,"column":23}},"271":{"start":{"line":767,"column":4},"end":{"line":767,"column":69}},"272":{"start":{"line":769,"column":4},"end":{"line":772,"column":6}},"273":{"start":{"line":776,"column":4},"end":{"line":878,"column":5}},"274":{"start":{"line":777,"column":54},"end":{"line":810,"column":8}},"275":{"start":{"line":812,"column":6},"end":{"line":817,"column":7}},"276":{"start":{"line":813,"column":8},"end":{"line":815,"column":10}},"277":{"start":{"line":816,"column":8},"end":{"line":816,"column":39}},"278":{"start":{"line":819,"column":6},"end":{"line":824,"column":7}},"279":{"start":{"line":820,"column":8},"end":{"line":822,"column":10}},"280":{"start":{"line":823,"column":8},"end":{"line":823,"column":38}},"281":{"start":{"line":826,"column":27},"end":{"line":848,"column":8}},"282":{"start":{"line":827,"column":26},"end":{"line":827,"column":49}},"283":{"start":{"line":828,"column":8},"end":{"line":847,"column":10}},"284":{"start":{"line":850,"column":26},"end":{"line":865,"column":8}},"285":{"start":{"line":851,"column":26},"end":{"line":851,"column":51}},"286":{"start":{"line":852,"column":8},"end":{"line":864,"column":10}},"287":{"start":{"line":867,"column":23},"end":{"line":871,"column":8}},"288":{"start":{"line":868,"column":22},"end":{"line":868,"column":53}},"289":{"start":{"line":869,"column":22},"end":{"line":869,"column":53}},"290":{"start":{"line":870,"column":8},"end":{"line":870,"column":49}},"291":{"start":{"line":873,"column":6},"end":{"line":873,"column":72}},"292":{"start":{"line":874,"column":6},"end":{"line":874,"column":22}},"293":{"start":{"line":876,"column":6},"end":{"line":876,"column":80}},"294":{"start":{"line":877,"column":6},"end":{"line":877,"column":18}},"295":{"start":{"line":882,"column":4},"end":{"line":883,"column":67}},"296":{"start":{"line":883,"column":6},"end":{"line":883,"column":67}},"297":{"start":{"line":884,"column":4},"end":{"line":890,"column":8}},"298":{"start":{"line":885,"column":6},"end":{"line":890,"column":8}},"299":{"start":{"line":891,"column":4},"end":{"line":897,"column":8}},"300":{"start":{"line":892,"column":6},"end":{"line":897,"column":8}},"301":{"start":{"line":898,"column":4},"end":{"line":899,"column":74}},"302":{"start":{"line":899,"column":6},"end":{"line":899,"column":74}},"303":{"start":{"line":900,"column":4},"end":{"line":902,"column":6}},"304":{"start":{"line":903,"column":16},"end":{"line":906,"column":48}},"305":{"start":{"line":907,"column":4},"end":{"line":911,"column":5}},"306":{"start":{"line":908,"column":6},"end":{"line":908,"column":43}},"307":{"start":{"line":909,"column":11},"end":{"line":911,"column":5}},"308":{"start":{"line":910,"column":6},"end":{"line":910,"column":44}},"309":{"start":{"line":912,"column":4},"end":{"line":914,"column":5}},"310":{"start":{"line":913,"column":6},"end":{"line":913,"column":63}},"311":{"start":{"line":915,"column":4},"end":{"line":926,"column":5}},"312":{"start":{"line":916,"column":20},"end":{"line":916,"column":30}},"313":{"start":{"line":917,"column":21},"end":{"line":918,"column":null}},"314":{"start":{"line":920,"column":23},"end":{"line":920,"column":55}},"315":{"start":{"line":921,"column":24},"end":{"line":921,"column":57}},"316":{"start":{"line":922,"column":6},"end":{"line":925,"column":39}},"317":{"start":{"line":927,"column":4},"end":{"line":930,"column":5}},"318":{"start":{"line":928,"column":23},"end":{"line":928,"column":60}},"319":{"start":{"line":929,"column":6},"end":{"line":929,"column":79}},"320":{"start":{"line":931,"column":28},"end":{"line":931,"column":39}},"321":{"start":{"line":932,"column":4},"end":{"line":935,"column":5}},"322":{"start":{"line":933,"column":6},"end":{"line":933,"column":75}},"323":{"start":{"line":934,"column":6},"end":{"line":934,"column":18}},"324":{"start":{"line":936,"column":4},"end":{"line":936,"column":78}},"325":{"start":{"line":937,"column":4},"end":{"line":937,"column":16}},"326":{"start":{"line":944,"column":4},"end":{"line":944,"column":70}},"327":{"start":{"line":945,"column":4},"end":{"line":945,"column":61}},"328":{"start":{"line":946,"column":28},"end":{"line":951,"column":45}},"329":{"start":{"line":953,"column":4},"end":{"line":956,"column":5}},"330":{"start":{"line":954,"column":6},"end":{"line":954,"column":72}},"331":{"start":{"line":955,"column":6},"end":{"line":955,"column":18}},"332":{"start":{"line":957,"column":4},"end":{"line":957,"column":70}},"333":{"start":{"line":958,"column":4},"end":{"line":958,"column":16}},"334":{"start":{"line":965,"column":4},"end":{"line":965,"column":60}},"335":{"start":{"line":966,"column":4},"end":{"line":966,"column":63}},"336":{"start":{"line":967,"column":18},"end":{"line":967,"column":28}},"337":{"start":{"line":968,"column":19},"end":{"line":968,"column":73}},"338":{"start":{"line":969,"column":21},"end":{"line":969,"column":53}},"339":{"start":{"line":970,"column":22},"end":{"line":970,"column":55}},"340":{"start":{"line":972,"column":28},"end":{"line":979,"column":48}},"341":{"start":{"line":981,"column":4},"end":{"line":984,"column":5}},"342":{"start":{"line":982,"column":6},"end":{"line":982,"column":74}},"343":{"start":{"line":983,"column":6},"end":{"line":983,"column":18}},"344":{"start":{"line":985,"column":4},"end":{"line":985,"column":69}},"345":{"start":{"line":986,"column":4},"end":{"line":986,"column":16}},"346":{"start":{"line":994,"column":4},"end":{"line":994,"column":42}},"347":{"start":{"line":995,"column":21},"end":{"line":995,"column":58}},"348":{"start":{"line":997,"column":28},"end":{"line":1003,"column":48}},"349":{"start":{"line":1005,"column":4},"end":{"line":1008,"column":5}},"350":{"start":{"line":1006,"column":6},"end":{"line":1006,"column":70}},"351":{"start":{"line":1007,"column":6},"end":{"line":1007,"column":18}},"352":{"start":{"line":1009,"column":4},"end":{"line":1009,"column":63}},"353":{"start":{"line":1010,"column":4},"end":{"line":1010,"column":16}},"354":{"start":{"line":1018,"column":4},"end":{"line":1018,"column":25}},"355":{"start":{"line":1019,"column":4},"end":{"line":1019,"column":49}},"356":{"start":{"line":1020,"column":4},"end":{"line":1020,"column":45}},"357":{"start":{"line":1021,"column":4},"end":{"line":1022,"column":71}},"358":{"start":{"line":1022,"column":6},"end":{"line":1022,"column":71}},"359":{"start":{"line":1023,"column":4},"end":{"line":1025,"column":6}},"360":{"start":{"line":1027,"column":28},"end":{"line":1043,"column":48}},"361":{"start":{"line":1045,"column":4},"end":{"line":1048,"column":5}},"362":{"start":{"line":1046,"column":6},"end":{"line":1046,"column":66}},"363":{"start":{"line":1047,"column":6},"end":{"line":1047,"column":18}},"364":{"start":{"line":1050,"column":4},"end":{"line":1050,"column":78}},"365":{"start":{"line":1051,"column":4},"end":{"line":1051,"column":22}},"366":{"start":{"line":1052,"column":4},"end":{"line":1052,"column":16}},"367":{"start":{"line":1068,"column":6},"end":{"line":1076,"column":36}},"368":{"start":{"line":1069,"column":23},"end":{"line":1069,"column":67}},"369":{"start":{"line":1070,"column":8},"end":{"line":1074,"column":9}},"370":{"start":{"line":1071,"column":10},"end":{"line":1071,"column":62}},"371":{"start":{"line":1073,"column":10},"end":{"line":1073,"column":30}},"372":{"start":{"line":1075,"column":8},"end":{"line":1075,"column":19}},"373":{"start":{"line":1084,"column":6},"end":{"line":1086,"column":7}},"374":{"start":{"line":1085,"column":8},"end":{"line":1085,"column":45}},"375":{"start":{"line":1088,"column":26},"end":{"line":1089,"column":null}},"376":{"start":{"line":1089,"column":43},"end":{"line":1089,"column":59}},"377":{"start":{"line":1093,"column":19},"end":{"line":1096,"column":null}},"378":{"start":{"line":1094,"column":8},"end":{"line":1095,"column":null}},"379":{"start":{"line":1095,"column":10},"end":{"line":1095,"column":56}},"380":{"start":{"line":1099,"column":6},"end":{"line":1099,"column":35}},"381":{"start":{"line":1104,"column":6},"end":{"line":1109,"column":9}},"382":{"start":{"line":1105,"column":8},"end":{"line":1108,"column":9}},"383":{"start":{"line":1106,"column":23},"end":{"line":1106,"column":43}},"384":{"start":{"line":1107,"column":10},"end":{"line":1107,"column":56}},"385":{"start":{"line":1113,"column":20},"end":{"line":1113,"column":34}},"386":{"start":{"line":1114,"column":31},"end":{"line":1119,"column":8}},"387":{"start":{"line":1115,"column":8},"end":{"line":1117,"column":9}},"388":{"start":{"line":1116,"column":10},"end":{"line":1116,"column":20}},"389":{"start":{"line":1118,"column":8},"end":{"line":1118,"column":74}},"390":{"start":{"line":1120,"column":6},"end":{"line":1120,"column":40}},"391":{"start":{"line":1123,"column":4},"end":{"line":1123,"column":41}},"392":{"start":{"line":1126,"column":15},"end":{"line":1132,"column":38}},"393":{"start":{"line":1132,"column":20},"end":{"line":1132,"column":37}},"394":{"start":{"line":1134,"column":43},"end":{"line":1134,"column":60}},"395":{"start":{"line":1137,"column":4},"end":{"line":1159,"column":7}},"396":{"start":{"line":1138,"column":6},"end":{"line":1158,"column":7}},"397":{"start":{"line":1140,"column":10},"end":{"line":1140,"column":30}},"398":{"start":{"line":1142,"column":10},"end":{"line":1142,"column":29}},"399":{"start":{"line":1144,"column":10},"end":{"line":1144,"column":29}},"400":{"start":{"line":1146,"column":10},"end":{"line":1146,"column":36}},"401":{"start":{"line":1148,"column":10},"end":{"line":1148,"column":36}},"402":{"start":{"line":1150,"column":10},"end":{"line":1150,"column":45}},"403":{"start":{"line":1151,"column":10},"end":{"line":1151,"column":36}},"404":{"start":{"line":1153,"column":10},"end":{"line":1153,"column":34}},"405":{"start":{"line":1155,"column":10},"end":{"line":1155,"column":26}},"406":{"start":{"line":1157,"column":10},"end":{"line":1157,"column":39}},"407":{"start":{"line":1162,"column":4},"end":{"line":1211,"column":5}},"408":{"start":{"line":1163,"column":22},"end":{"line":1163,"column":56}},"409":{"start":{"line":1164,"column":23},"end":{"line":1166,"column":8}},"410":{"start":{"line":1167,"column":6},"end":{"line":1176,"column":19}},"411":{"start":{"line":1178,"column":24},"end":{"line":1182,"column":8}},"412":{"start":{"line":1184,"column":6},"end":{"line":1202,"column":11}},"413":{"start":{"line":1200,"column":25},"end":{"line":1200,"column":55}},"414":{"start":{"line":1201,"column":10},"end":{"line":1201,"column":47}},"415":{"start":{"line":1204,"column":6},"end":{"line":1204,"column":58}},"416":{"start":{"line":1205,"column":6},"end":{"line":1205,"column":28}},"417":{"start":{"line":1207,"column":6},"end":{"line":1209,"column":8}},"418":{"start":{"line":1210,"column":6},"end":{"line":1210,"column":18}},"419":{"start":{"line":1215,"column":4},"end":{"line":1216,"column":67}},"420":{"start":{"line":1216,"column":6},"end":{"line":1216,"column":67}},"421":{"start":{"line":1217,"column":4},"end":{"line":1218,"column":76}},"422":{"start":{"line":1218,"column":6},"end":{"line":1218,"column":76}},"423":{"start":{"line":1219,"column":4},"end":{"line":1221,"column":6}},"424":{"start":{"line":1222,"column":16},"end":{"line":1225,"column":48}},"425":{"start":{"line":1226,"column":4},"end":{"line":1228,"column":5}},"426":{"start":{"line":1227,"column":6},"end":{"line":1227,"column":44}},"427":{"start":{"line":1229,"column":4},"end":{"line":1233,"column":5}},"428":{"start":{"line":1230,"column":25},"end":{"line":1230,"column":35}},"429":{"start":{"line":1231,"column":6},"end":{"line":1231,"column":61}},"430":{"start":{"line":1232,"column":6},"end":{"line":1232,"column":64}},"431":{"start":{"line":1234,"column":28},"end":{"line":1234,"column":39}},"432":{"start":{"line":1235,"column":4},"end":{"line":1238,"column":5}},"433":{"start":{"line":1236,"column":6},"end":{"line":1236,"column":70}},"434":{"start":{"line":1237,"column":6},"end":{"line":1237,"column":18}},"435":{"start":{"line":1239,"column":4},"end":{"line":1239,"column":25}},"436":{"start":{"line":1239,"column":15},"end":{"line":1239,"column":25}},"437":{"start":{"line":1241,"column":22},"end":{"line":1242,"column":null}},"438":{"start":{"line":1242,"column":43},"end":{"line":1242,"column":62}},"439":{"start":{"line":1244,"column":28},"end":{"line":1244,"column":30}},"440":{"start":{"line":1245,"column":4},"end":{"line":1257,"column":5}},"441":{"start":{"line":1246,"column":6},"end":{"line":1256,"column":7}},"442":{"start":{"line":1248,"column":8},"end":{"line":1248,"column":75}},"443":{"start":{"line":1250,"column":8},"end":{"line":1254,"column":10}},"444":{"start":{"line":1255,"column":8},"end":{"line":1255,"column":24}},"445":{"start":{"line":1259,"column":40},"end":{"line":1259,"column":42}},"446":{"start":{"line":1260,"column":4},"end":{"line":1265,"column":7}},"447":{"start":{"line":1261,"column":6},"end":{"line":1264,"column":8}},"448":{"start":{"line":1267,"column":36},"end":{"line":1283,"column":6}},"449":{"start":{"line":1268,"column":21},"end":{"line":1281,"column":8}},"450":{"start":{"line":1269,"column":8},"end":{"line":1280,"column":9}},"451":{"start":{"line":1270,"column":10},"end":{"line":1270,"column":31}},"452":{"start":{"line":1272,"column":10},"end":{"line":1279,"column":12}},"453":{"start":{"line":1282,"column":6},"end":{"line":1282,"column":34}},"454":{"start":{"line":1284,"column":4},"end":{"line":1286,"column":6}},"455":{"start":{"line":1287,"column":4},"end":{"line":1287,"column":35}},"456":{"start":{"line":1291,"column":4},"end":{"line":1291,"column":29}},"457":{"start":{"line":1293,"column":22},"end":{"line":1296,"column":19}},"458":{"start":{"line":1298,"column":4},"end":{"line":1300,"column":5}},"459":{"start":{"line":1299,"column":6},"end":{"line":1299,"column":73}},"460":{"start":{"line":1307,"column":4},"end":{"line":1307,"column":51}},"461":{"start":{"line":1308,"column":4},"end":{"line":1308,"column":59}},"462":{"start":{"line":1310,"column":4},"end":{"line":1310,"column":43}},"463":{"start":{"line":1317,"column":4},"end":{"line":1317,"column":60}},"464":{"start":{"line":1318,"column":4},"end":{"line":1318,"column":65}},"465":{"start":{"line":1320,"column":4},"end":{"line":1320,"column":43}},"466":{"start":{"line":1326,"column":22},"end":{"line":1330,"column":19}},"467":{"start":{"line":1331,"column":20},"end":{"line":1331,"column":44}},"468":{"start":{"line":1333,"column":28},"end":{"line":1338,"column":34}},"469":{"start":{"line":1340,"column":4},"end":{"line":1343,"column":5}},"470":{"start":{"line":1341,"column":6},"end":{"line":1341,"column":77}},"471":{"start":{"line":1342,"column":6},"end":{"line":1342,"column":18}},"472":{"start":{"line":1345,"column":21},"end":{"line":1345,"column":22}},"473":{"start":{"line":1346,"column":21},"end":{"line":1346,"column":22}},"474":{"start":{"line":1348,"column":4},"end":{"line":1352,"column":7}},"475":{"start":{"line":1349,"column":6},"end":{"line":1349,"column":64}},"476":{"start":{"line":1349,"column":32},"end":{"line":1349,"column":64}},"477":{"start":{"line":1350,"column":6},"end":{"line":1351,"column":50}},"478":{"start":{"line":1351,"column":8},"end":{"line":1351,"column":50}},"479":{"start":{"line":1354,"column":4},"end":{"line":1354,"column":38}},"480":{"start":{"line":1362,"column":4},"end":{"line":1365,"column":7}},"481":{"start":{"line":1364,"column":21},"end":{"line":1364,"column":47}},"482":{"start":{"line":1366,"column":4},"end":{"line":1366,"column":57}},"483":{"start":{"line":1367,"column":4},"end":{"line":1369,"column":6}},"484":{"start":{"line":1371,"column":4},"end":{"line":1374,"column":5}},"485":{"start":{"line":1372,"column":6},"end":{"line":1372,"column":44}},"486":{"start":{"line":1373,"column":6},"end":{"line":1373,"column":16}},"487":{"start":{"line":1376,"column":16},"end":{"line":1390,"column":48}},"488":{"start":{"line":1392,"column":4},"end":{"line":1396,"column":5}},"489":{"start":{"line":1393,"column":6},"end":{"line":1393,"column":43}},"490":{"start":{"line":1394,"column":11},"end":{"line":1396,"column":5}},"491":{"start":{"line":1395,"column":6},"end":{"line":1395,"column":44}},"492":{"start":{"line":1398,"column":28},"end":{"line":1398,"column":39}},"493":{"start":{"line":1400,"column":4},"end":{"line":1405,"column":5}},"494":{"start":{"line":1401,"column":6},"end":{"line":1403,"column":8}},"495":{"start":{"line":1404,"column":6},"end":{"line":1404,"column":18}},"496":{"start":{"line":1407,"column":4},"end":{"line":1410,"column":5}},"497":{"start":{"line":1408,"column":6},"end":{"line":1408,"column":60}},"498":{"start":{"line":1409,"column":6},"end":{"line":1409,"column":16}},"499":{"start":{"line":1413,"column":24},"end":{"line":1416,"column":7}},"500":{"start":{"line":1413,"column":59},"end":{"line":1416,"column":6}},"501":{"start":{"line":1418,"column":4},"end":{"line":1418,"column":78}},"502":{"start":{"line":1419,"column":4},"end":{"line":1419,"column":23}}},"fnMap":{"0":{"name":"(anonymous_1)","decl":{"start":{"line":8,"column":2},"end":{"line":8,"column":14}},"loc":{"start":{"line":8,"column":77},"end":{"line":11,"column":3}}},"1":{"name":"(anonymous_2)","decl":{"start":{"line":14,"column":30},"end":{"line":14,"column":31}},"loc":{"start":{"line":14,"column":49},"end":{"line":23,"column":1}}},"2":{"name":"validateString","decl":{"start":{"line":26,"column":9},"end":{"line":26,"column":23}},"loc":{"start":{"line":26,"column":65},"end":{"line":37,"column":1}}},"3":{"name":"validateNumber","decl":{"start":{"line":39,"column":9},"end":{"line":39,"column":23}},"loc":{"start":{"line":43,"column":17},"end":{"line":64,"column":1}}},"4":{"name":"validateEnum","decl":{"start":{"line":66,"column":9},"end":{"line":66,"column":21}},"loc":{"start":{"line":70,"column":17},"end":{"line":86,"column":1}}},"5":{"name":"validateDate","decl":{"start":{"line":88,"column":9},"end":{"line":88,"column":21}},"loc":{"start":{"line":88,"column":63},"end":{"line":108,"column":1}}},"6":{"name":"validateArray","decl":{"start":{"line":110,"column":9},"end":{"line":110,"column":22}},"loc":{"start":{"line":114,"column":17},"end":{"line":146,"column":1}}},"7":{"name":"(anonymous_8)","decl":{"start":{"line":132,"column":18},"end":{"line":132,"column":19}},"loc":{"start":{"line":132,"column":27},"end":{"line":144,"column":5}}},"8":{"name":"(anonymous_9)","decl":{"start":{"line":194,"column":2},"end":{"line":194,"column":7}},"loc":{"start":{"line":194,"column":42},"end":{"line":259,"column":3}}},"9":{"name":"(anonymous_10)","decl":{"start":{"line":261,"column":2},"end":{"line":261,"column":7}},"loc":{"start":{"line":261,"column":47},"end":{"line":308,"column":3}}},"10":{"name":"(anonymous_11)","decl":{"start":{"line":292,"column":30},"end":{"line":292,"column":31}},"loc":{"start":{"line":292,"column":41},"end":{"line":297,"column":8}}},"11":{"name":"(anonymous_12)","decl":{"start":{"line":295,"column":36},"end":{"line":295,"column":37}},"loc":{"start":{"line":295,"column":50},"end":{"line":295,"column":64}}},"12":{"name":"(anonymous_13)","decl":{"start":{"line":299,"column":30},"end":{"line":299,"column":31}},"loc":{"start":{"line":299,"column":41},"end":{"line":304,"column":8}}},"13":{"name":"(anonymous_14)","decl":{"start":{"line":302,"column":36},"end":{"line":302,"column":37}},"loc":{"start":{"line":302,"column":50},"end":{"line":302,"column":65}}},"14":{"name":"(anonymous_15)","decl":{"start":{"line":310,"column":2},"end":{"line":310,"column":7}},"loc":{"start":{"line":310,"column":58},"end":{"line":351,"column":3}}},"15":{"name":"(anonymous_16)","decl":{"start":{"line":344,"column":33},"end":{"line":344,"column":34}},"loc":{"start":{"line":344,"column":47},"end":{"line":344,"column":61}}},"16":{"name":"(anonymous_17)","decl":{"start":{"line":347,"column":33},"end":{"line":347,"column":34}},"loc":{"start":{"line":347,"column":47},"end":{"line":347,"column":62}}},"17":{"name":"(anonymous_18)","decl":{"start":{"line":353,"column":2},"end":{"line":353,"column":7}},"loc":{"start":{"line":353,"column":54},"end":{"line":397,"column":3}}},"18":{"name":"(anonymous_19)","decl":{"start":{"line":399,"column":2},"end":{"line":399,"column":7}},"loc":{"start":{"line":405,"column":3},"end":{"line":422,"column":3}}},"19":{"name":"(anonymous_20)","decl":{"start":{"line":424,"column":2},"end":{"line":424,"column":7}},"loc":{"start":{"line":440,"column":3},"end":{"line":512,"column":3}}},"20":{"name":"(anonymous_21)","decl":{"start":{"line":514,"column":2},"end":{"line":514,"column":7}},"loc":{"start":{"line":514,"column":29},"end":{"line":527,"column":3}}},"21":{"name":"(anonymous_22)","decl":{"start":{"line":529,"column":2},"end":{"line":529,"column":7}},"loc":{"start":{"line":541,"column":3},"end":{"line":573,"column":3}}},"22":{"name":"(anonymous_23)","decl":{"start":{"line":575,"column":2},"end":{"line":575,"column":7}},"loc":{"start":{"line":575,"column":76},"end":{"line":605,"column":3}}},"23":{"name":"(anonymous_24)","decl":{"start":{"line":607,"column":2},"end":{"line":607,"column":7}},"loc":{"start":{"line":607,"column":73},"end":{"line":651,"column":3}}},"24":{"name":"(anonymous_25)","decl":{"start":{"line":653,"column":2},"end":{"line":653,"column":7}},"loc":{"start":{"line":663,"column":3},"end":{"line":773,"column":3}}},"25":{"name":"(anonymous_26)","decl":{"start":{"line":775,"column":2},"end":{"line":775,"column":7}},"loc":{"start":{"line":775,"column":29},"end":{"line":879,"column":3}}},"26":{"name":"(anonymous_27)","decl":{"start":{"line":826,"column":63},"end":{"line":826,"column":64}},"loc":{"start":{"line":826,"column":75},"end":{"line":848,"column":7}}},"27":{"name":"(anonymous_28)","decl":{"start":{"line":850,"column":61},"end":{"line":850,"column":62}},"loc":{"start":{"line":850,"column":75},"end":{"line":865,"column":7}}},"28":{"name":"(anonymous_29)","decl":{"start":{"line":867,"column":62},"end":{"line":867,"column":63}},"loc":{"start":{"line":867,"column":71},"end":{"line":871,"column":7}}},"29":{"name":"(anonymous_30)","decl":{"start":{"line":881,"column":2},"end":{"line":881,"column":7}},"loc":{"start":{"line":881,"column":65},"end":{"line":938,"column":3}}},"30":{"name":"(anonymous_31)","decl":{"start":{"line":943,"column":2},"end":{"line":943,"column":7}},"loc":{"start":{"line":943,"column":47},"end":{"line":959,"column":3}}},"31":{"name":"(anonymous_32)","decl":{"start":{"line":964,"column":2},"end":{"line":964,"column":7}},"loc":{"start":{"line":964,"column":44},"end":{"line":987,"column":3}}},"32":{"name":"(anonymous_33)","decl":{"start":{"line":992,"column":2},"end":{"line":992,"column":7}},"loc":{"start":{"line":992,"column":23},"end":{"line":1011,"column":3}}},"33":{"name":"(anonymous_34)","decl":{"start":{"line":1013,"column":2},"end":{"line":1013,"column":7}},"loc":{"start":{"line":1017,"column":3},"end":{"line":1053,"column":3}}},"34":{"name":"(anonymous_35)","decl":{"start":{"line":1061,"column":2},"end":{"line":1061,"column":7}},"loc":{"start":{"line":1061,"column":50},"end":{"line":1212,"column":3}}},"35":{"name":"flattenJoin","decl":{"start":{"line":1063,"column":13},"end":{"line":1063,"column":24}},"loc":{"start":{"line":1066,"column":15},"end":{"line":1077,"column":5}}},"36":{"name":"(anonymous_37)","decl":{"start":{"line":1068,"column":40},"end":{"line":1068,"column":41}},"loc":{"start":{"line":1068,"column":62},"end":{"line":1076,"column":7}}},"37":{"name":"jsonToTable","decl":{"start":{"line":1080,"column":13},"end":{"line":1080,"column":24}},"loc":{"start":{"line":1080,"column":57},"end":{"line":1100,"column":5}}},"38":{"name":"(anonymous_39)","decl":{"start":{"line":1089,"column":34},"end":{"line":1089,"column":35}},"loc":{"start":{"line":1089,"column":43},"end":{"line":1089,"column":59}}},"39":{"name":"(anonymous_40)","decl":{"start":{"line":1093,"column":33},"end":{"line":1093,"column":34}},"loc":{"start":{"line":1094,"column":8},"end":{"line":1095,"column":null}}},"40":{"name":"(anonymous_41)","decl":{"start":{"line":1094,"column":24},"end":{"line":1094,"column":25}},"loc":{"start":{"line":1095,"column":10},"end":{"line":1095,"column":56}}},"41":{"name":"formatDataAsDate","decl":{"start":{"line":1103,"column":13},"end":{"line":1103,"column":29}},"loc":{"start":{"line":1103,"column":61},"end":{"line":1110,"column":5}}},"42":{"name":"(anonymous_43)","decl":{"start":{"line":1104,"column":19},"end":{"line":1104,"column":20}},"loc":{"start":{"line":1104,"column":27},"end":{"line":1109,"column":7}}},"43":{"name":"capitalizeWords","decl":{"start":{"line":1112,"column":13},"end":{"line":1112,"column":28}},"loc":{"start":{"line":1112,"column":40},"end":{"line":1121,"column":5}}},"44":{"name":"(anonymous_45)","decl":{"start":{"line":1114,"column":41},"end":{"line":1114,"column":42}},"loc":{"start":{"line":1114,"column":50},"end":{"line":1119,"column":7}}},"45":{"name":"(anonymous_46)","decl":{"start":{"line":1132,"column":10},"end":{"line":1132,"column":11}},"loc":{"start":{"line":1132,"column":20},"end":{"line":1132,"column":37}}},"46":{"name":"(anonymous_47)","decl":{"start":{"line":1137,"column":34},"end":{"line":1137,"column":35}},"loc":{"start":{"line":1137,"column":50},"end":{"line":1159,"column":5}}},"47":{"name":"(anonymous_48)","decl":{"start":{"line":1199,"column":14},"end":{"line":1199,"column":19}},"loc":{"start":{"line":1199,"column":68},"end":{"line":1202,"column":9}}},"48":{"name":"(anonymous_49)","decl":{"start":{"line":1214,"column":2},"end":{"line":1214,"column":7}},"loc":{"start":{"line":1214,"column":56},"end":{"line":1288,"column":3}}},"49":{"name":"(anonymous_50)","decl":{"start":{"line":1242,"column":27},"end":{"line":1242,"column":28}},"loc":{"start":{"line":1242,"column":43},"end":{"line":1242,"column":62}}},"50":{"name":"(anonymous_51)","decl":{"start":{"line":1260,"column":23},"end":{"line":1260,"column":24}},"loc":{"start":{"line":1260,"column":36},"end":{"line":1265,"column":5}}},"51":{"name":"(anonymous_52)","decl":{"start":{"line":1267,"column":45},"end":{"line":1267,"column":46}},"loc":{"start":{"line":1267,"column":60},"end":{"line":1283,"column":5}}},"52":{"name":"(anonymous_53)","decl":{"start":{"line":1268,"column":47},"end":{"line":1268,"column":48}},"loc":{"start":{"line":1268,"column":65},"end":{"line":1281,"column":7}}},"53":{"name":"(anonymous_54)","decl":{"start":{"line":1290,"column":2},"end":{"line":1290,"column":7}},"loc":{"start":{"line":1290,"column":37},"end":{"line":1301,"column":3}}},"54":{"name":"(anonymous_55)","decl":{"start":{"line":1306,"column":2},"end":{"line":1306,"column":7}},"loc":{"start":{"line":1306,"column":76},"end":{"line":1311,"column":3}}},"55":{"name":"(anonymous_56)","decl":{"start":{"line":1316,"column":2},"end":{"line":1316,"column":7}},"loc":{"start":{"line":1316,"column":48},"end":{"line":1321,"column":3}}},"56":{"name":"(anonymous_57)","decl":{"start":{"line":1325,"column":2},"end":{"line":1325,"column":7}},"loc":{"start":{"line":1325,"column":36},"end":{"line":1355,"column":3}}},"57":{"name":"(anonymous_58)","decl":{"start":{"line":1348,"column":18},"end":{"line":1348,"column":19}},"loc":{"start":{"line":1348,"column":29},"end":{"line":1352,"column":5}}},"58":{"name":"(anonymous_59)","decl":{"start":{"line":1361,"column":2},"end":{"line":1361,"column":7}},"loc":{"start":{"line":1361,"column":73},"end":{"line":1420,"column":3}}},"59":{"name":"(anonymous_60)","decl":{"start":{"line":1364,"column":14},"end":{"line":1364,"column":15}},"loc":{"start":{"line":1364,"column":21},"end":{"line":1364,"column":47}}},"60":{"name":"(anonymous_61)","decl":{"start":{"line":1413,"column":33},"end":{"line":1413,"column":34}},"loc":{"start":{"line":1413,"column":59},"end":{"line":1416,"column":6}}}},"branchMap":{"0":{"loc":{"start":{"line":15,"column":2},"end":{"line":15,"column":45}},"type":"if","locations":[{"start":{"line":15,"column":2},"end":{"line":15,"column":45}}]},"1":{"loc":{"start":{"line":26,"column":50},"end":{"line":26,"column":65}},"type":"default-arg","locations":[{"start":{"line":26,"column":61},"end":{"line":26,"column":65}}]},"2":{"loc":{"start":{"line":27,"column":2},"end":{"line":33,"column":3}},"type":"if","locations":[{"start":{"line":27,"column":2},"end":{"line":33,"column":3}}]},"3":{"loc":{"start":{"line":27,"column":6},"end":{"line":27,"column":68}},"type":"binary-expr","locations":[{"start":{"line":27,"column":6},"end":{"line":27,"column":14}},{"start":{"line":27,"column":19},"end":{"line":27,"column":44}},{"start":{"line":27,"column":48},"end":{"line":27,"column":67}}]},"4":{"loc":{"start":{"line":34,"column":2},"end":{"line":36,"column":3}},"type":"if","locations":[{"start":{"line":34,"column":2},"end":{"line":36,"column":3}}]},"5":{"loc":{"start":{"line":34,"column":6},"end":{"line":34,"column":67}},"type":"binary-expr","locations":[{"start":{"line":34,"column":6},"end":{"line":34,"column":15}},{"start":{"line":34,"column":19},"end":{"line":34,"column":38}},{"start":{"line":34,"column":42},"end":{"line":34,"column":67}}]},"6":{"loc":{"start":{"line":42,"column":2},"end":{"line":42,"column":62}},"type":"default-arg","locations":[{"start":{"line":42,"column":60},"end":{"line":42,"column":62}}]},"7":{"loc":{"start":{"line":43,"column":2},"end":{"line":43,"column":17}},"type":"default-arg","locations":[{"start":{"line":43,"column":13},"end":{"line":43,"column":17}}]},"8":{"loc":{"start":{"line":45,"column":2},"end":{"line":47,"column":3}},"type":"if","locations":[{"start":{"line":45,"column":2},"end":{"line":47,"column":3}}]},"9":{"loc":{"start":{"line":45,"column":6},"end":{"line":45,"column":61}},"type":"binary-expr","locations":[{"start":{"line":45,"column":6},"end":{"line":45,"column":14}},{"start":{"line":45,"column":19},"end":{"line":45,"column":44}},{"start":{"line":45,"column":48},"end":{"line":45,"column":60}}]},"10":{"loc":{"start":{"line":48,"column":2},"end":{"line":54,"column":3}},"type":"if","locations":[{"start":{"line":48,"column":2},"end":{"line":54,"column":3}}]},"11":{"loc":{"start":{"line":49,"column":4},"end":{"line":51,"column":47}},"type":"binary-expr","locations":[{"start":{"line":49,"column":4},"end":{"line":49,"column":13}},{"start":{"line":50,"column":4},"end":{"line":50,"column":23}},{"start":{"line":51,"column":5},"end":{"line":51,"column":30}},{"start":{"line":51,"column":34},"end":{"line":51,"column":46}}]},"12":{"loc":{"start":{"line":55,"column":2},"end":{"line":57,"column":3}},"type":"if","locations":[{"start":{"line":55,"column":2},"end":{"line":57,"column":3}}]},"13":{"loc":{"start":{"line":55,"column":6},"end":{"line":55,"column":69}},"type":"binary-expr","locations":[{"start":{"line":55,"column":6},"end":{"line":55,"column":18}},{"start":{"line":55,"column":22},"end":{"line":55,"column":41}},{"start":{"line":55,"column":45},"end":{"line":55,"column":69}}]},"14":{"loc":{"start":{"line":58,"column":2},"end":{"line":60,"column":3}},"type":"if","locations":[{"start":{"line":58,"column":2},"end":{"line":60,"column":3}}]},"15":{"loc":{"start":{"line":58,"column":6},"end":{"line":58,"column":71}},"type":"binary-expr","locations":[{"start":{"line":58,"column":6},"end":{"line":58,"column":28}},{"start":{"line":58,"column":32},"end":{"line":58,"column":51}},{"start":{"line":58,"column":55},"end":{"line":58,"column":71}}]},"16":{"loc":{"start":{"line":61,"column":2},"end":{"line":63,"column":3}},"type":"if","locations":[{"start":{"line":61,"column":2},"end":{"line":63,"column":3}}]},"17":{"loc":{"start":{"line":61,"column":6},"end":{"line":61,"column":71}},"type":"binary-expr","locations":[{"start":{"line":61,"column":6},"end":{"line":61,"column":28}},{"start":{"line":61,"column":32},"end":{"line":61,"column":51}},{"start":{"line":61,"column":55},"end":{"line":61,"column":71}}]},"18":{"loc":{"start":{"line":70,"column":2},"end":{"line":70,"column":17}},"type":"default-arg","locations":[{"start":{"line":70,"column":13},"end":{"line":70,"column":17}}]},"19":{"loc":{"start":{"line":72,"column":2},"end":{"line":78,"column":3}},"type":"if","locations":[{"start":{"line":72,"column":2},"end":{"line":78,"column":3}}]},"20":{"loc":{"start":{"line":72,"column":6},"end":{"line":72,"column":42}},"type":"binary-expr","locations":[{"start":{"line":72,"column":6},"end":{"line":72,"column":14}},{"start":{"line":72,"column":18},"end":{"line":72,"column":42}}]},"21":{"loc":{"start":{"line":79,"column":2},"end":{"line":85,"column":3}},"type":"if","locations":[{"start":{"line":79,"column":2},"end":{"line":85,"column":3}}]},"22":{"loc":{"start":{"line":79,"column":6},"end":{"line":79,"column":66}},"type":"binary-expr","locations":[{"start":{"line":79,"column":6},"end":{"line":79,"column":15}},{"start":{"line":79,"column":19},"end":{"line":79,"column":38}},{"start":{"line":79,"column":42},"end":{"line":79,"column":66}}]},"23":{"loc":{"start":{"line":88,"column":48},"end":{"line":88,"column":63}},"type":"default-arg","locations":[{"start":{"line":88,"column":59},"end":{"line":88,"column":63}}]},"24":{"loc":{"start":{"line":89,"column":2},"end":{"line":95,"column":3}},"type":"if","locations":[{"start":{"line":89,"column":2},"end":{"line":95,"column":3}}]},"25":{"loc":{"start":{"line":89,"column":6},"end":{"line":89,"column":73}},"type":"binary-expr","locations":[{"start":{"line":89,"column":6},"end":{"line":89,"column":14}},{"start":{"line":89,"column":19},"end":{"line":89,"column":44}},{"start":{"line":89,"column":48},"end":{"line":89,"column":72}}]},"26":{"loc":{"start":{"line":96,"column":2},"end":{"line":107,"column":3}},"type":"if","locations":[{"start":{"line":96,"column":2},"end":{"line":107,"column":3}}]},"27":{"loc":{"start":{"line":97,"column":4},"end":{"line":100,"column":59}},"type":"binary-expr","locations":[{"start":{"line":97,"column":4},"end":{"line":97,"column":13}},{"start":{"line":98,"column":4},"end":{"line":98,"column":23}},{"start":{"line":99,"column":4},"end":{"line":99,"column":18}},{"start":{"line":100,"column":5},"end":{"line":100,"column":30}},{"start":{"line":100,"column":34},"end":{"line":100,"column":58}}]},"28":{"loc":{"start":{"line":113,"column":2},"end":{"line":113,"column":62}},"type":"default-arg","locations":[{"start":{"line":113,"column":60},"end":{"line":113,"column":62}}]},"29":{"loc":{"start":{"line":114,"column":2},"end":{"line":114,"column":17}},"type":"default-arg","locations":[{"start":{"line":114,"column":13},"end":{"line":114,"column":17}}]},"30":{"loc":{"start":{"line":116,"column":2},"end":{"line":127,"column":3}},"type":"if","locations":[{"start":{"line":116,"column":2},"end":{"line":127,"column":3}}]},"31":{"loc":{"start":{"line":117,"column":4},"end":{"line":118,"column":80}},"type":"binary-expr","locations":[{"start":{"line":117,"column":4},"end":{"line":117,"column":12}},{"start":{"line":118,"column":5},"end":{"line":118,"column":26}},{"start":{"line":118,"column":31},"end":{"line":118,"column":45}},{"start":{"line":118,"column":49},"end":{"line":118,"column":78}}]},"32":{"loc":{"start":{"line":122,"column":8},"end":{"line":122,"column":null}},"type":"cond-expr","locations":[{"start":{"line":122,"column":25},"end":{"line":122,"column":63}},{"start":{"line":122,"column":66},"end":{"line":122,"column":null}}]},"33":{"loc":{"start":{"line":128,"column":2},"end":{"line":130,"column":3}},"type":"if","locations":[{"start":{"line":128,"column":2},"end":{"line":130,"column":3}}]},"34":{"loc":{"start":{"line":128,"column":6},"end":{"line":128,"column":63}},"type":"binary-expr","locations":[{"start":{"line":128,"column":6},"end":{"line":128,"column":15}},{"start":{"line":128,"column":19},"end":{"line":128,"column":38}},{"start":{"line":128,"column":42},"end":{"line":128,"column":63}}]},"35":{"loc":{"start":{"line":131,"column":2},"end":{"line":145,"column":3}},"type":"if","locations":[{"start":{"line":131,"column":2},"end":{"line":145,"column":3}}]},"36":{"loc":{"start":{"line":131,"column":6},"end":{"line":131,"column":63}},"type":"binary-expr","locations":[{"start":{"line":131,"column":6},"end":{"line":131,"column":26}},{"start":{"line":131,"column":30},"end":{"line":131,"column":63}}]},"37":{"loc":{"start":{"line":134,"column":8},"end":{"line":136,"column":9}},"type":"if","locations":[{"start":{"line":134,"column":8},"end":{"line":136,"column":9}}]},"38":{"loc":{"start":{"line":197,"column":4},"end":{"line":211,"column":5}},"type":"if","locations":[{"start":{"line":197,"column":4},"end":{"line":211,"column":5}}]},"39":{"loc":{"start":{"line":204,"column":6},"end":{"line":210,"column":7}},"type":"if","locations":[{"start":{"line":204,"column":6},"end":{"line":210,"column":7}}]},"40":{"loc":{"start":{"line":220,"column":4},"end":{"line":223,"column":5}},"type":"if","locations":[{"start":{"line":220,"column":4},"end":{"line":223,"column":5}}]},"41":{"loc":{"start":{"line":227,"column":4},"end":{"line":256,"column":5}},"type":"if","locations":[{"start":{"line":227,"column":4},"end":{"line":256,"column":5}}]},"42":{"loc":{"start":{"line":236,"column":21},"end":{"line":236,"column":57}},"type":"binary-expr","locations":[{"start":{"line":236,"column":21},"end":{"line":236,"column":49}},{"start":{"line":236,"column":53},"end":{"line":236,"column":57}}]},"43":{"loc":{"start":{"line":239,"column":6},"end":{"line":242,"column":7}},"type":"if","locations":[{"start":{"line":239,"column":6},"end":{"line":242,"column":7}}]},"44":{"loc":{"start":{"line":261,"column":17},"end":{"line":261,"column":47}},"type":"default-arg","locations":[{"start":{"line":261,"column":39},"end":{"line":261,"column":47}}]},"45":{"loc":{"start":{"line":282,"column":4},"end":{"line":285,"column":5}},"type":"if","locations":[{"start":{"line":282,"column":4},"end":{"line":285,"column":5}}]},"46":{"loc":{"start":{"line":286,"column":4},"end":{"line":289,"column":5}},"type":"if","locations":[{"start":{"line":286,"column":4},"end":{"line":289,"column":5}}]},"47":{"loc":{"start":{"line":291,"column":4},"end":{"line":305,"column":5}},"type":"if","locations":[{"start":{"line":291,"column":4},"end":{"line":305,"column":5}},{"start":{"line":298,"column":11},"end":{"line":305,"column":5}}]},"48":{"loc":{"start":{"line":294,"column":21},"end":{"line":296,"column":14}},"type":"cond-expr","locations":[{"start":{"line":295,"column":12},"end":{"line":295,"column":65}},{"start":{"line":296,"column":12},"end":{"line":296,"column":14}}]},"49":{"loc":{"start":{"line":298,"column":11},"end":{"line":305,"column":5}},"type":"if","locations":[{"start":{"line":298,"column":11},"end":{"line":305,"column":5}}]},"50":{"loc":{"start":{"line":301,"column":21},"end":{"line":303,"column":14}},"type":"cond-expr","locations":[{"start":{"line":302,"column":12},"end":{"line":302,"column":66}},{"start":{"line":303,"column":12},"end":{"line":303,"column":14}}]},"51":{"loc":{"start":{"line":310,"column":28},"end":{"line":310,"column":58}},"type":"default-arg","locations":[{"start":{"line":310,"column":50},"end":{"line":310,"column":58}}]},"52":{"loc":{"start":{"line":333,"column":4},"end":{"line":336,"column":5}},"type":"if","locations":[{"start":{"line":333,"column":4},"end":{"line":336,"column":5}}]},"53":{"loc":{"start":{"line":337,"column":4},"end":{"line":340,"column":5}},"type":"if","locations":[{"start":{"line":337,"column":4},"end":{"line":340,"column":5}}]},"54":{"loc":{"start":{"line":342,"column":4},"end":{"line":348,"column":5}},"type":"if","locations":[{"start":{"line":342,"column":4},"end":{"line":348,"column":5}},{"start":{"line":345,"column":11},"end":{"line":348,"column":5}}]},"55":{"loc":{"start":{"line":344,"column":8},"end":{"line":344,"column":68}},"type":"binary-expr","locations":[{"start":{"line":344,"column":8},"end":{"line":344,"column":62}},{"start":{"line":344,"column":66},"end":{"line":344,"column":68}}]},"56":{"loc":{"start":{"line":345,"column":11},"end":{"line":348,"column":5}},"type":"if","locations":[{"start":{"line":345,"column":11},"end":{"line":348,"column":5}}]},"57":{"loc":{"start":{"line":347,"column":8},"end":{"line":347,"column":69}},"type":"binary-expr","locations":[{"start":{"line":347,"column":8},"end":{"line":347,"column":63}},{"start":{"line":347,"column":67},"end":{"line":347,"column":69}}]},"58":{"loc":{"start":{"line":355,"column":4},"end":{"line":355,"column":74}},"type":"if","locations":[{"start":{"line":355,"column":4},"end":{"line":355,"column":74}}]},"59":{"loc":{"start":{"line":358,"column":4},"end":{"line":394,"column":5}},"type":"if","locations":[{"start":{"line":358,"column":4},"end":{"line":394,"column":5}}]},"60":{"loc":{"start":{"line":366,"column":6},"end":{"line":371,"column":7}},"type":"if","locations":[{"start":{"line":366,"column":6},"end":{"line":371,"column":7}}]},"61":{"loc":{"start":{"line":372,"column":6},"end":{"line":379,"column":7}},"type":"if","locations":[{"start":{"line":372,"column":6},"end":{"line":379,"column":7}}]},"62":{"loc":{"start":{"line":388,"column":6},"end":{"line":391,"column":7}},"type":"if","locations":[{"start":{"line":388,"column":6},"end":{"line":391,"column":7}}]},"63":{"loc":{"start":{"line":415,"column":4},"end":{"line":418,"column":5}},"type":"if","locations":[{"start":{"line":415,"column":4},"end":{"line":418,"column":5}}]},"64":{"loc":{"start":{"line":443,"column":4},"end":{"line":444,"column":56}},"type":"if","locations":[{"start":{"line":443,"column":4},"end":{"line":444,"column":56}}]},"65":{"loc":{"start":{"line":445,"column":4},"end":{"line":445,"column":76}},"type":"if","locations":[{"start":{"line":445,"column":4},"end":{"line":445,"column":76}}]},"66":{"loc":{"start":{"line":446,"column":4},"end":{"line":447,"column":77}},"type":"if","locations":[{"start":{"line":446,"column":4},"end":{"line":447,"column":77}}]},"67":{"loc":{"start":{"line":448,"column":4},"end":{"line":448,"column":80}},"type":"if","locations":[{"start":{"line":448,"column":4},"end":{"line":448,"column":80}}]},"68":{"loc":{"start":{"line":458,"column":4},"end":{"line":460,"column":5}},"type":"if","locations":[{"start":{"line":458,"column":4},"end":{"line":460,"column":5}}]},"69":{"loc":{"start":{"line":463,"column":4},"end":{"line":486,"column":5}},"type":"if","locations":[{"start":{"line":463,"column":4},"end":{"line":486,"column":5}}]},"70":{"loc":{"start":{"line":463,"column":8},"end":{"line":463,"column":41}},"type":"binary-expr","locations":[{"start":{"line":463,"column":8},"end":{"line":463,"column":16}},{"start":{"line":463,"column":20},"end":{"line":463,"column":41}}]},"71":{"loc":{"start":{"line":472,"column":6},"end":{"line":477,"column":7}},"type":"if","locations":[{"start":{"line":472,"column":6},"end":{"line":477,"column":7}}]},"72":{"loc"
[...]
ions":[{"start":{"line":957,"column":28},"end":{"line":957,"column":40}},{"start":{"line":957,"column":44},"end":{"line":957,"column":45}}]},"132":{"loc":{"start":{"line":964,"column":27},"end":{"line":964,"column":44}},"type":"default-arg","locations":[{"start":{"line":964,"column":42},"end":{"line":964,"column":44}}]},"133":{"loc":{"start":{"line":981,"column":4},"end":{"line":984,"column":5}},"type":"if","locations":[{"start":{"line":981,"column":4},"end":{"line":984,"column":5}}]},"134":{"loc":{"start":{"line":985,"column":28},"end":{"line":985,"column":45}},"type":"binary-expr","locations":[{"start":{"line":985,"column":28},"end":{"line":985,"column":40}},{"start":{"line":985,"column":44},"end":{"line":985,"column":45}}]},"135":{"loc":{"start":{"line":1005,"column":4},"end":{"line":1008,"column":5}},"type":"if","locations":[{"start":{"line":1005,"column":4},"end":{"line":1008,"column":5}}]},"136":{"loc":{"start":{"line":1009,"column":28},"end":{"line":1009,"column":45}},"type":"binary-expr","locations":[{"start":{"line":1009,"column":28},"end":{"line":1009,"column":40}},{"start":{"line":1009,"column":44},"end":{"line":1009,"column":45}}]},"137":{"loc":{"start":{"line":1021,"column":4},"end":{"line":1022,"column":71}},"type":"if","locations":[{"start":{"line":1021,"column":4},"end":{"line":1022,"column":71}}]},"138":{"loc":{"start":{"line":1045,"column":4},"end":{"line":1048,"column":5}},"type":"if","locations":[{"start":{"line":1045,"column":4},"end":{"line":1048,"column":5}}]},"139":{"loc":{"start":{"line":1050,"column":44},"end":{"line":1050,"column":61}},"type":"binary-expr","locations":[{"start":{"line":1050,"column":44},"end":{"line":1050,"column":56}},{"start":{"line":1050,"column":60},"end":{"line":1050,"column":61}}]},"140":{"loc":{"start":{"line":1065,"column":6},"end":{"line":1065,"column":20}},"type":"default-arg","locations":[{"start":{"line":1065,"column":18},"end":{"line":1065,"column":20}}]},"141":{"loc":{"start":{"line":1066,"column":6},"end":{"line":1066,"column":15}},"type":"default-arg","locations":[{"start":{"line":1066,"column":12},"end":{"line":1066,"column":15}}]},"142":{"loc":{"start":{"line":1069,"column":23},"end":{"line":1069,"column":67}},"type":"cond-expr","locations":[{"start":{"line":1069,"column":35},"end":{"line":1069,"column":61}},{"start":{"line":1069,"column":64},"end":{"line":1069,"column":67}}]},"143":{"loc":{"start":{"line":1070,"column":8},"end":{"line":1074,"column":9}},"type":"if","locations":[{"start":{"line":1070,"column":8},"end":{"line":1074,"column":9}},{"start":{"line":1072,"column":15},"end":{"line":1074,"column":9}}]},"144":{"loc":{"start":{"line":1070,"column":12},"end":{"line":1070,"column":71}},"type":"binary-expr","locations":[{"start":{"line":1070,"column":12},"end":{"line":1070,"column":17}},{"start":{"line":1070,"column":21},"end":{"line":1070,"column":46}},{"start":{"line":1070,"column":50},"end":{"line":1070,"column":71}}]},"145":{"loc":{"start":{"line":1084,"column":6},"end":{"line":1086,"column":7}},"type":"if","locations":[{"start":{"line":1084,"column":6},"end":{"line":1086,"column":7}}]},"146":{"loc":{"start":{"line":1084,"column":10},"end":{"line":1084,"column":46}},"type":"binary-expr","locations":[{"start":{"line":1084,"column":10},"end":{"line":1084,"column":20}},{"start":{"line":1084,"column":24},"end":{"line":1084,"column":46}}]},"147":{"loc":{"start":{"line":1095,"column":10},"end":{"line":1095,"column":56}},"type":"cond-expr","locations":[{"start":{"line":1095,"column":35},"end":{"line":1095,"column":51}},{"start":{"line":1095,"column":54},"end":{"line":1095,"column":56}}]},"148":{"loc":{"start":{"line":1105,"column":8},"end":{"line":1108,"column":9}},"type":"if","locations":[{"start":{"line":1105,"column":8},"end":{"line":1108,"column":9}}]},"149":{"loc":{"start":{"line":1115,"column":8},"end":{"line":1117,"column":9}},"type":"if","locations":[{"start":{"line":1115,"column":8},"end":{"line":1117,"column":9}}]},"150":{"loc":{"start":{"line":1138,"column":6},"end":{"line":1158,"column":7}},"type":"switch","locations":[{"start":{"line":1139,"column":8},"end":{"line":1140,"column":30}},{"start":{"line":1141,"column":8},"end":{"line":1142,"column":29}},{"start":{"line":1143,"column":8},"end":{"line":1144,"column":29}},{"start":{"line":1145,"column":8},"end":{"line":1146,"column":36}},{"start":{"line":1147,"column":8},"end":{"line":1148,"column":36}},{"start":{"line":1149,"column":8},"end":{"line":1151,"column":36}},{"start":{"line":1152,"column":8},"end":{"line":1153,"column":34}},{"start":{"line":1154,"column":8},"end":{"line":1155,"column":26}},{"start":{"line":1156,"column":8},"end":{"line":1157,"column":39}}]},"151":{"loc":{"start":{"line":1214,"column":25},"end":{"line":1214,"column":56}},"type":"default-arg","locations":[{"start":{"line":1214,"column":54},"end":{"line":1214,"column":56}}]},"152":{"loc":{"start":{"line":1215,"column":4},"end":{"line":1216,"column":67}},"type":"if","locations":[{"start":{"line":1215,"column":4},"end":{"line":1216,"column":67}}]},"153":{"loc":{"start":{"line":1217,"column":4},"end":{"line":1218,"column":76}},"type":"if","locations":[{"start":{"line":1217,"column":4},"end":{"line":1218,"column":76}}]},"154":{"loc":{"start":{"line":1226,"column":4},"end":{"line":1228,"column":5}},"type":"if","locations":[{"start":{"line":1226,"column":4},"end":{"line":1228,"column":5}}]},"155":{"loc":{"start":{"line":1229,"column":4},"end":{"line":1233,"column":5}},"type":"if","locations":[{"start":{"line":1229,"column":4},"end":{"line":1233,"column":5}}]},"156":{"loc":{"start":{"line":1235,"column":4},"end":{"line":1238,"column":5}},"type":"if","locations":[{"start":{"line":1235,"column":4},"end":{"line":1238,"column":5}}]},"157":{"loc":{"start":{"line":1239,"column":4},"end":{"line":1239,"column":25}},"type":"if","locations":[{"start":{"line":1239,"column":4},"end":{"line":1239,"column":25}}]},"158":{"loc":{"start":{"line":1242,"column":43},"end":{"line":1242,"column":62}},"type":"binary-expr","locations":[{"start":{"line":1242,"column":43},"end":{"line":1242,"column":56}},{"start":{"line":1242,"column":60},"end":{"line":1242,"column":62}}]},"159":{"loc":{"start":{"line":1245,"column":4},"end":{"line":1257,"column":5}},"type":"if","locations":[{"start":{"line":1245,"column":4},"end":{"line":1257,"column":5}}]},"160":{"loc":{"start":{"line":1268,"column":22},"end":{"line":1268,"column":41}},"type":"binary-expr","locations":[{"start":{"line":1268,"column":22},"end":{"line":1268,"column":35}},{"start":{"line":1268,"column":39},"end":{"line":1268,"column":41}}]},"161":{"loc":{"start":{"line":1269,"column":8},"end":{"line":1280,"column":9}},"type":"if","locations":[{"start":{"line":1269,"column":8},"end":{"line":1280,"column":9}},{"start":{"line":1271,"column":15},"end":{"line":1280,"column":9}}]},"162":{"loc":{"start":{"line":1298,"column":4},"end":{"line":1300,"column":5}},"type":"if","locations":[{"start":{"line":1298,"column":4},"end":{"line":1300,"column":5}}]},"163":{"loc":{"start":{"line":1316,"column":31},"end":{"line":1316,"column":48}},"type":"default-arg","locations":[{"start":{"line":1316,"column":46},"end":{"line":1316,"column":48}}]},"164":{"loc":{"start":{"line":1340,"column":4},"end":{"line":1343,"column":5}},"type":"if","locations":[{"start":{"line":1340,"column":4},"end":{"line":1343,"column":5}}]},"165":{"loc":{"start":{"line":1349,"column":6},"end":{"line":1349,"column":64}},"type":"if","locations":[{"start":{"line":1349,"column":6},"end":{"line":1349,"column":64}}]},"166":{"loc":{"start":{"line":1350,"column":6},"end":{"line":1351,"column":50}},"type":"if","locations":[{"start":{"line":1350,"column":6},"end":{"line":1351,"column":50}}]},"167":{"loc":{"start":{"line":1350,"column":10},"end":{"line":1350,"column":57}},"type":"binary-expr","locations":[{"start":{"line":1350,"column":10},"end":{"line":1350,"column":33}},{"start":{"line":1350,"column":37},"end":{"line":1350,"column":57}}]},"168":{"loc":{"start":{"line":1361,"column":43},"end":{"line":1361,"column":73}},"type":"default-arg","locations":[{"start":{"line":1361,"column":65},"end":{"line":1361,"column":73}}]},"169":{"loc":{"start":{"line":1371,"column":4},"end":{"line":1374,"column":5}},"type":"if","locations":[{"start":{"line":1371,"column":4},"end":{"line":1374,"column":5}}]},"170":{"loc":{"start":{"line":1371,"column":8},"end":{"line":1371,"column":38}},"type":"binary-expr","locations":[{"start":{"line":1371,"column":8},"end":{"line":1371,"column":15}},{"start":{"line":1371,"column":19},"end":{"line":1371,"column":38}}]},"171":{"loc":{"start":{"line":1392,"column":4},"end":{"line":1396,"column":5}},"type":"if","locations":[{"start":{"line":1392,"column":4},"end":{"line":1396,"column":5}},{"start":{"line":1394,"column":11},"end":{"line":1396,"column":5}}]},"172":{"loc":{"start":{"line":1394,"column":11},"end":{"line":1396,"column":5}},"type":"if","locations":[{"start":{"line":1394,"column":11},"end":{"line":1396,"column":5}}]},"173":{"loc":{"start":{"line":1400,"column":4},"end":{"line":1405,"column":5}},"type":"if","locations":[{"start":{"line":1400,"column":4},"end":{"line":1405,"column":5}}]},"174":{"loc":{"start":{"line":1407,"column":4},"end":{"line":1410,"column":5}},"type":"if","locations":[{"start":{"line":1407,"column":4},"end":{"line":1410,"column":5}}]}},"s":{"0":0,"1":0,"2":0,"3":0,"4":0,"5":0,"6":0,"7":0,"8":0,"9":0,"10":0,"11":0,"12":0,"13":0,"14":0,"15":0,"16":0,"17":0,"18":0,"19":0,"20":0,"21":0,"22":0,"23":0,"24":0,"25":0,"26":0,"27":0,"28":0,"29":0,"30":0,"31":0,"32":0,"33":0,"34":0,"35":0,"36":0,"37":0,"38":0,"39":0,"40":0,"41":0,"42":0,"43":0,"44":0,"45":0,"46":0,"47":0,"48":0,"49":0,"50":0,"51":0,"52":0,"53":0,"54":0,"55":0,"56":0,"57":0,"58":0,"59":0,"60":0,"61":0,"62":0,"63":0,"64":0,"65":0,"66":0,"67":0,"68":0,"69":0,"70":0,"71":0,"72":0,"73":0,"74":0,"75":0,"76":0,"77":0,"78":0,"79":0,"80":0,"81":0,"82":0,"83":0,"84":0,"85":0,"86":0,"87":0,"88":0,"89":0,"90":0,"91":0,"92":0,"93":0,"94":0,"95":0,"96":0,"97":0,"98":0,"99":0,"100":0,"101":0,"102":0,"103":0,"104":0,"105":0,"106":0,"107":0,"108":0,"109":0,"110":0,"111":0,"112":0,"113":0,"114":0,"115":0,"116":0,"117":0,"118":0,"119":0,"120":0,"121":0,"122":0,"123":0,"124":0,"125":0,"126":0,"127":0,"128":0,"129":0,"130":0,"131":0,"132":0,"133":0,"134":0,"135":0,"136":0,"137":0,"138":0,"139":0,"140":0,"141":0,"142":0,"143":0,"144":0,"145":0,"146":0,"147":0,"148":0,"149":0,"150":0,"151":0,"152":0,"153":0,"154":0,"155":0,"156":0,"157":0,"158":0,"159":0,"160":0,"161":0,"162":0,"163":0,"164":0,"165":0,"166":0,"167":0,"168":0,"169":0,"170":0,"171":0,"172":0,"173":0,"174":0,"175":0,"176":0,"177":0,"178":0,"179":0,"180":0,"181":0,"182":0,"183":0,"184":0,"185":0,"186":0,"187":0,"188":0,"189":0,"190":0,"191":0,"192":0,"193":0,"194":0,"195":0,"196":0,"197":0,"198":0,"199":0,"200":0,"201":0,"202":0,"203":0,"204":0,"205":0,"206":0,"207":0,"208":0,"209":0,"210":0,"211":0,"212":0,"213":0,"214":0,"215":0,"216":0,"217":0,"218":0,"219":0,"220":0,"221":0,"222":0,"223":0,"224":0,"225":0,"226":0,"227":0,"228":0,"229":0,"230":0,"231":0,"232":0,"233":0,"234":0,"235":0,"236":0,"237":0,"238":0,"239":0,"240":0,"241":0,"242":0,"243":0,"244":0,"245":0,"246":0,"247":0,"248":0,"249":0,"250":0,"251":0,"252":0,"253":0,"254":0,"255":0,"256":0,"257":0,"258":0,"259":0,"260":0,"261":0,"262":0,"263":0,"264":0,"265":0,"266":0,"267":0,"268":0,"269":0,"270":0,"271":0,"272":0,"273":0,"274":0,"275":0,"276":0,"277":0,"278":0,"279":0,"280":0,"281":0,"282":0,"283":0,"284":0,"285":0,"286":0,"287":0,"288":0,"289":0,"290":0,"291":0,"292":0,"293":0,"294":0,"295":0,"296":0,"297":0,"298":0,"299":0,"300":0,"301":0,"302":0,"303":0,"304":0,"305":0,"306":0,"307":0,"308":0,"309":0,"310":0,"311":0,"312":0,"313":0,"314":0,"315":0,"316":0,"317":0,"318":0,"319":0,"320":0,"321":0,"322":0,"323":0,"324":0,"325":0,"326":0,"327":0,"328":0,"329":0,"330":0,"331":0,"332":0,"333":0,"334":0,"335":0,"336":0,"337":0,"338":0,"339":0,"340":0,"341":0,"342":0,"343":0,"344":0,"345":0,"346":0,"347":0,"348":0,"349":0,"350":0,"351":0,"352":0,"353":0,"354":0,"355":0,"356":0,"357":0,"358":0,"359":0,"360":0,"361":0,"362":0,"363":0,"364":0,"365":0,"366":0,"367":0,"368":0,"369":0,"370":0,"371":0,"372":0,"373":0,"374":0,"375":0,"376":0,"377":0,"378":0,"379":0,"380":0,"381":0,"382":0,"383":0,"384":0,"385":0,"386":0,"387":0,"388":0,"389":0,"390":0,"391":0,"392":0,"393":0,"394":0,"395":0,"396":0,"397":0,"398":0,"399":0,"400":0,"401":0,"402":0,"403":0,"404":0,"405":0,"406":0,"407":0,"408":0,"409":0,"410":0,"411":0,"412":0,"413":0,"414":0,"415":0,"416":0,"417":0,"418":0,"419":0,"420":0,"421":0,"422":0,"423":0,"424":0,"425":0,"426":0,"427":0,"428":0,"429":0,"430":0,"431":0,"432":0,"433":0,"434":0,"435":0,"436":0,"437":0,"438":0,"439":0,"440":0,"441":0,"442":0,"443":0,"444":0,"445":0,"446":0,"447":0,"448":0,"449":0,"450":0,"451":0,"452":0,"453":0,"454":0,"455":0,"456":0,"457":0,"458":0,"459":0,"460":0,"461":0,"462":0,"463":0,"464":0,"465":0,"466":0,"467":0,"468":0,"469":0,"470":0,"471":0,"472":0,"473":0,"474":0,"475":0,"476":0,"477":0,"478":0,"479":0,"480":0,"481":0,"482":0,"483":0,"484":0,"485":0,"486":0,"487":0,"488":0,"489":0,"490":0,"491":0,"492":0,"493":0,"494":0,"495":0,"496":0,"497":0,"498":0,"499":0,"500":0,"501":0,"502":0},"f":{"0":0,"1":0,"2":0,"3":0,"4":0,"5":0,"6":0,"7":0,"8":0,"9":0,"10":0,"11":0,"12":0,"13":0,"14":0,"15":0,"16":0,"17":0,"18":0,"19":0,"20":0,"21":0,"22":0,"23":0,"24":0,"25":0,"26":0,"27":0,"28":0,"29":0,"30":0,"31":0,"32":0,"33":0,"34":0,"35":0,"36":0,"37":0,"38":0,"39":0,"40":0,"41":0,"42":0,"43":0,"44":0,"45":0,"46":0,"47":0,"48":0,"49":0,"50":0,"51":0,"52":0,"53":0,"54":0,"55":0,"56":0,"57":0,"58":0,"59":0,"60":0},"b":{"0":[0],"1":[0],"2":[0],"3":[0,0,0],"4":[0],"5":[0,0,0],"6":[0],"7":[0],"8":[0],"9":[0,0,0],"10":[0],"11":[0,0,0,0],"12":[0],"13":[0,0,0],"14":[0],"15":[0,0,0],"16":[0],"17":[0,0,0],"18":[0],"19":[0],"20":[0,0],"21":[0],"22":[0,0,0],"23":[0],"24":[0],"25":[0,0,0],"26":[0],"27":[0,0,0,0,0],"28":[0],"29":[0],"30":[0],"31":[0,0,0,0],"32":[0,0],"33":[0],"34":[0,0,0],"35":[0],"36":[0,0],"37":[0],"38":[0],"39":[0],"40":[0],"41":[0],"42":[0,0],"43":[0],"44":[0],"45":[0],"46":[0],"47":[0,0],"48":[0,0],"49":[0],"50":[0,0],"51":[0],"52":[0],"53":[0],"54":[0,0],"55":[0,0],"56":[0],"57":[0,0],"58":[0],"59":[0],"60":[0],"61":[0],"62":[0],"63":[0],"64":[0],"65":[0],"66":[0],"67":[0],"68":[0],"69":[0],"70":[0,0],"71":[0],"72":[0],"73":[0],"74":[0,0],"75":[0],"76":[0],"77":[0],"78":[0],"79":[0],"80":[0,0],"81":[0],"82":[0],"83":[0],"84":[0,0],"85":[0],"86":[0,0],"87":[0],"88":[0,0],"89":[0],"90":[0,0],"91":[0],"92":[0,0],"93":[0],"94":[0,0],"95":[0],"96":[0,0],"97":[0,0],"98":[0,0],"99":[0],"100":[0,0],"101":[0],"102":[0],"103":[0],"104":[0],"105":[0,0],"106":[0,0],"107":[0,0],"108":[0,0],"109":[0,0],"110":[0,0],"111":[0,0],"112":[0,0],"113":[0,0],"114":[0,0],"115":[0],"116":[0],"117":[0],"118":[0],"119":[0],"120":[0,0],"121":[0,0],"122":[0],"123":[0,0],"124":[0],"125":[0],"126":[0],"127":[0],"128":[0,0],"129":[0],"130":[0],"131":[0,0],"132":[0],"133":[0],"134":[0,0],"135":[0],"136":[0,0],"137":[0],"138":[0],"139":[0,0],"140":[0],"141":[0],"142":[0,0],"143":[0,0],"144":[0,0,0],"145":[0],"146":[0,0],"147":[0,0],"148":[0],"149":[0],"150":[0,0,0,0,0,0,0,0,0],"151":[0],"152":[0],"153":[0],"154":[0],"155":[0],"156":[0],"157":[0],"158":[0,0],"159":[0],"160":[0,0],"161":[0,0],"162":[0],"163":[0],"164":[0],"165":[0],"166":[0],"167":[0,0],"168":[0],"169":[0],"170":[0,0],"171":[0,0],"172":[0],"173":[0],"174":[0]}}
,"/Users/achibukz/Code/GitHub/stsweng-s19-grp3/src/lib/db/db.querybuilder.ts": {"path":"/Users/achibukz/Code/GitHub/stsweng-s19-grp3/src/lib/db/db.querybuilder.ts","statementMap":{"0":{"start":{"line":15,"column":0},"end":{"line":15,"column":16}},"1":{"start":{"line":5,"column":2},"end":{"line":5,"column":63}},"2":{"start":{"line":20,"column":14},"end":{"line":20,"column":47}},"3":{"start":{"line":22,"column":2},"end":{"line":69,"column":3}},"4":{"start":{"line":23,"column":25},"end":{"line":30,"column":6}},"5":{"start":{"line":32,"column":4},"end":{"line":68,"column":5}},"6":{"start":{"line":33,"column":20},"end":{"line":33,"column":36}},"7":{"start":{"line":34,"column":6},"end":{"line":67,"column":7}},"8":{"start":{"line":37,"column":8},"end":{"line":37,"column":42}},"9":{"start":{"line":38,"column":13},"end":{"line":67,"column":7}},"10":{"start":{"line":46,"column":8},"end":{"line":56,"column":9}},"11":{"start":{"line":47,"column":10},"end":{"line":55,"column":11}},"12":{"start":{"line":48,"column":12},"end":{"line":54,"column":13}},"13":{"start":{"line":49,"column":29},"end":{"line":49,"column":48}},"14":{"start":{"line":50,"column":31},"end":{"line":50,"column":50}},"15":{"start":{"line":51,"column":28},"end":{"line":51,"column":37}},"16":{"start":{"line":53,"column":14},"end":{"line":53,"column":63}},"17":{"start":{"line":57,"column":13},"end":{"line":67,"column":7}},"18":{"start":{"line":63,"column":8},"end":{"line":66,"column":9}},"19":{"start":{"line":65,"column":10},"end":{"line":65,"column":57}},"20":{"start":{"line":71,"column":2},"end":{"line":71,"column":15}}},"fnMap":{"0":{"name":"isStringRecord","decl":{"start":{"line":4,"column":9},"end":{"line":4,"column":23}},"loc":{"start":{"line":4,"column":32},"end":{"line":6,"column":1}}},"1":{"name":"buildSelectQuery","decl":{"start":{"line":15,"column":16},"end":{"line":15,"column":32}},"loc":{"start":{"line":18,"column":14},"end":{"line":72,"column":1}}}},"branchMap":{"0":{"loc":{"start":{"line":5,"column":9},"end":{"line":5,"column":62}},"type":"binary-expr","locations":[{"start":{"line":5,"column":9},"end":{"line":5,"column":12}},{"start":{"line":5,"column":16},"end":{"line":5,"column":39}},{"start":{"line":5,"column":43},"end":{"line":5,"column":62}}]},"1":{"loc":{"start":{"line":22,"column":2},"end":{"line":69,"column":3}},"type":"if","locations":[{"start":{"line":22,"column":2},"end":{"line":69,"column":3}}]},"2":{"loc":{"start":{"line":34,"column":6},"end":{"line":67,"column":7}},"type":"if","locations":[{"start":{"line":34,"column":6},"end":{"line":67,"column":7}},{"start":{"line":38,"column":13},"end":{"line":67,"column":7}}]},"3":{"loc":{"start":{"line":34,"column":10},"end":{"line":34,"column":76}},"type":"binary-expr","locations":[{"start":{"line":34,"column":11},"end":{"line":34,"column":28}},{"start":{"line":34,"column":32},"end":{"line":34,"column":52}},{"start":{"line":34,"column":57},"end":{"line":34,"column":76}}]},"4":{"loc":{"start":{"line":38,"column":13},"end":{"line":67,"column":7}},"type":"if","locations":[{"start":{"line":38,"column":13},"end":{"line":67,"column":7}},{"start":{"line":57,"column":13},"end":{"line":67,"column":7}}]},"5":{"loc":{"start":{"line":38,"column":17},"end":{"line":38,"column":85}},"type":"binary-expr","locations":[{"start":{"line":38,"column":18},"end":{"line":38,"column":36}},{"start":{"line":38,"column":40},"end":{"line":38,"column":61}},{"start":{"line":38,"column":66},"end":{"line":38,"column":85}}]},"6":{"loc":{"start":{"line":46,"column":8},"end":{"line":56,"column":9}},"type":"if","locations":[{"start":{"line":46,"column":8},"end":{"line":56,"column":9}}]},"7":{"loc":{"start":{"line":48,"column":12},"end":{"line":54,"column":13}},"type":"if","locations":[{"start":{"line":48,"column":12},"end":{"line":54,"column":13}}]},"8":{"loc":{"start":{"line":57,"column":13},"end":{"line":67,"column":7}},"type":"if","locations":[{"start":{"line":57,"column":13},"end":{"line":67,"column":7}}]}},"s":{"0":0,"1":0,"2":0,"3":0,"4":0,"5":0,"6":0,"7":0,"8":0,"9":0,"10":0,"11":0,"12":0,"13":0,"14":0,"15":0,"16":0,"17":0,"18":0,"19":0,"20":0},"f":{"0":0,"1":0},"b":{"0":[0,0,0],"1":[0],"2":[0,0],"3":[0,0,0],"4":[0,0],"5":[0,0,0],"6":[0],"7":[0],"8":[0]}}
,"/Users/achibukz/Code/GitHub/stsweng-s19-grp3/src/lib/db/db.rawtypes.ts": {"path":"/Users/achibukz/Code/GitHub/stsweng-s19-grp3/src/lib/db/db.rawtypes.ts","statementMap":{"0":{"start":{"line":359,"column":13},"end":{"line":366,"column":null}}},"fnMap":{},"branchMap":{},"s":{"0":0},"f":{},"b":{}}
}
