TN:
SF:src/lib/pdf.ts
FN:32,(anonymous_0)
FN:53,(anonymous_1)
FN:98,(anonymous_2)
FN:118,(anonymous_3)
FN:122,(anonymous_4)
FN:126,(anonymous_5)
FN:130,(anonymous_6)
FN:150,(anonymous_7)
FN:168,(anonymous_8)
FN:182,(anonymous_9)
FN:194,(anonymous_10)
FN:200,(anonymous_11)
FN:207,(anonymous_12)
FNF:13
FNH:0
FNDA:0,(anonymous_0)
FNDA:0,(anonymous_1)
FNDA:0,(anonymous_2)
FNDA:0,(anonymous_3)
FNDA:0,(anonymous_4)
FNDA:0,(anonymous_5)
FNDA:0,(anonymous_6)
FNDA:0,(anonymous_7)
FNDA:0,(anonymous_8)
FNDA:0,(anonymous_9)
FNDA:0,(anonymous_10)
FNDA:0,(anonymous_11)
FNDA:0,(anonymous_12)
DA:11,0
DA:30,0
DA:38,0
DA:39,0
DA:40,0
DA:41,0
DA:42,0
DA:43,0
DA:44,0
DA:63,0
DA:64,0
DA:65,0
DA:67,0
DA:69,0
DA:70,0
DA:71,0
DA:72,0
DA:85,0
DA:86,0
DA:87,0
DA:99,0
DA:100,0
DA:101,0
DA:107,0
DA:108,0
DA:109,0
DA:119,0
DA:123,0
DA:127,0
DA:131,0
DA:138,0
DA:156,0
DA:157,0
DA:158,0
DA:159,0
DA:169,0
DA:170,0
DA:171,0
DA:172,0
DA:173,0
DA:183,0
DA:184,0
DA:195,0
DA:196,0
DA:200,0
DA:201,0
DA:208,0
DA:209,0
DA:210,0
DA:211,0
DA:212,0
LF:51
LH:0
BRDA:56,0,0,0
BRDA:57,1,0,0
BRDA:74,2,0,0
BRDA:74,2,1,0
BRDA:76,3,0,0
BRDA:76,3,1,0
BRDA:78,4,0,0
BRDA:78,4,1,0
BRF:8
BRH:0
end_of_record
TN:
SF:src/lib/table.ts
FN:15,tableToHtml
FN:40,tableToMarkdown
FN:60,(anonymous_2)
FN:61,(anonymous_3)
FN:61,(anonymous_4)
FN:63,(anonymous_5)
FN:64,(anonymous_6)
FN:65,(anonymous_7)
FN:70,(anonymous_8)
FN:73,(anonymous_9)
FN:78,(anonymous_10)
FN:81,(anonymous_11)
FN:118,(anonymous_12)
FN:154,markdownToHtml
FNF:14
FNH:0
FNDA:0,tableToHtml
FNDA:0,tableToMarkdown
FNDA:0,(anonymous_2)
FNDA:0,(anonymous_3)
FNDA:0,(anonymous_4)
FNDA:0,(anonymous_5)
FNDA:0,(anonymous_6)
FNDA:0,(anonymous_7)
FNDA:0,(anonymous_8)
FNDA:0,(anonymous_9)
FNDA:0,(anonymous_10)
FNDA:0,(anonymous_11)
FNDA:0,(anonymous_12)
FNDA:0,markdownToHtml
DA:6,0
DA:15,0
DA:23,0
DA:30,0
DA:47,0
DA:48,0
DA:49,0
DA:51,0
DA:53,0
DA:54,0
DA:55,0
DA:60,0
DA:61,0
DA:63,0
DA:64,0
DA:65,0
DA:67,0
DA:69,0
DA:70,0
DA:73,0
DA:74,0
DA:78,0
DA:79,0
DA:81,0
DA:82,0
DA:85,0
DA:86,0
DA:88,0
DA:89,0
DA:90,0
DA:92,0
DA:93,0
DA:94,0
DA:96,0
DA:97,0
DA:98,0
DA:100,0
DA:101,0
DA:102,0
DA:104,0
DA:105,0
DA:106,0
DA:109,0
DA:110,0
DA:114,0
DA:115,0
DA:118,0
DA:119,0
DA:120,0
DA:121,0
DA:122,0
DA:123,0
DA:125,0
DA:126,0
DA:128,0
DA:129,0
DA:131,0
DA:132,0
DA:134,0
DA:135,0
DA:138,0
DA:141,0
DA:144,0
DA:145,0
DA:147,0
DA:155,0
DA:156,0
DA:172,0
DA:174,0
LF:69
LH:0
BRDA:48,0,0,0
BRDA:53,1,0,0
BRDA:54,2,0,0
BRDA:73,3,0,0
BRDA:78,4,0,0
BRDA:81,5,0,0
BRDA:88,6,0,0
BRDA:88,6,1,0
BRDA:90,7,0,0
BRDA:90,7,1,0
BRDA:90,7,2,0
BRDA:90,7,3,0
BRDA:121,8,0,0
BRDA:121,8,1,0
BRDA:123,9,0,0
BRDA:123,9,1,0
BRDA:123,9,2,0
BRDA:123,9,3,0
BRDA:144,10,0,0
BRF:19
BRH:0
end_of_record
TN:
SF:src/lib/db/db.api.ts
FN:8,(anonymous_1)
FN:14,(anonymous_2)
FN:26,validateString
FN:39,validateNumber
FN:66,validateEnum
FN:88,validateDate
FN:110,validateArray
FN:132,(anonymous_8)
FN:194,(anonymous_9)
FN:261,(anonymous_10)
FN:292,(anonymous_11)
FN:295,(anonymous_12)
FN:299,(anonymous_13)
FN:302,(anonymous_14)
FN:310,(anonymous_15)
FN:344,(anonymous_16)
FN:347,(anonymous_17)
FN:353,(anonymous_18)
FN:399,(anonymous_19)
FN:424,(anonymous_20)
FN:514,(anonymous_21)
FN:529,(anonymous_22)
FN:575,(anonymous_23)
FN:607,(anonymous_24)
FN:653,(anonymous_25)
FN:775,(anonymous_26)
FN:826,(anonymous_27)
FN:850,(anonymous_28)
FN:867,(anonymous_29)
FN:881,(anonymous_30)
FN:943,(anonymous_31)
FN:964,(anonymous_32)
FN:992,(anonymous_33)
FN:1013,(anonymous_34)
FN:1061,(anonymous_35)
FN:1063,flattenJoin
FN:1068,(anonymous_37)
FN:1080,jsonToTable
FN:1089,(anonymous_39)
FN:1093,(anonymous_40)
FN:1094,(anonymous_41)
FN:1103,formatDataAsDate
FN:1104,(anonymous_43)
FN:1112,capitalizeWords
FN:1114,(anonymous_45)
FN:1132,(anonymous_46)
FN:1137,(anonymous_47)
FN:1199,(anonymous_48)
FN:1214,(anonymous_49)
FN:1242,(anonymous_50)
FN:1260,(anonymous_51)
FN:1267,(anonymous_52)
FN:1268,(anonymous_53)
FN:1290,(anonymous_54)
FN:1306,(anonymous_55)
FN:1316,(anonymous_56)
FN:1325,(anonymous_57)
FN:1348,(anonymous_58)
FN:1361,(anonymous_59)
FN:1364,(anonymous_60)
FN:1413,(anonymous_61)
FNF:61
FNH:0
FNDA:0,(anonymous_1)
FNDA:0,(anonymous_2)
FNDA:0,validateString
FNDA:0,validateNumber
FNDA:0,validateEnum
FNDA:0,validateDate
FNDA:0,validateArray
FNDA:0,(anonymous_8)
FNDA:0,(anonymous_9)
FNDA:0,(anonymous_10)
FNDA:0,(anonymous_11)
FNDA:0,(anonymous_12)
FNDA:0,(anonymous_13)
FNDA:0,(anonymous_14)
FNDA:0,(anonymous_15)
FNDA:0,(anonymous_16)
FNDA:0,(anonymous_17)
FNDA:0,(anonymous_18)
FNDA:0,(anonymous_19)
FNDA:0,(anonymous_20)
FNDA:0,(anonymous_21)
FNDA:0,(anonymous_22)
FNDA:0,(anonymous_23)
FNDA:0,(anonymous_24)
FNDA:0,(anonymous_25)
FNDA:0,(anonymous_26)
FNDA:0,(anonymous_27)
FNDA:0,(anonymous_28)
FNDA:0,(anonymous_29)
FNDA:0,(anonymous_30)
FNDA:0,(anonymous_31)
FNDA:0,(anonymous_32)
FNDA:0,(anonymous_33)
FNDA:0,(anonymous_34)
FNDA:0,(anonymous_35)
FNDA:0,flattenJoin
FNDA:0,(anonymous_37)
FNDA:0,jsonToTable
FNDA:0,(anonymous_39)
FNDA:0,(anonymous_40)
FNDA:0,(anonymous_41)
FNDA:0,formatDataAsDate
FNDA:0,(anonymous_43)
FNDA:0,capitalizeWords
FNDA:0,(anonymous_45)
FNDA:0,(anonymous_46)
FNDA:0,(anonymous_47)
FNDA:0,(anonymous_48)
FNDA:0,(anonymous_49)
FNDA:0,(anonymous_50)
FNDA:0,(anonymous_51)
FNDA:0,(anonymous_52)
FNDA:0,(anonymous_53)
FNDA:0,(anonymous_54)
FNDA:0,(anonymous_55)
FNDA:0,(anonymous_56)
FNDA:0,(anonymous_57)
FNDA:0,(anonymous_58)
FNDA:0,(anonymous_59)
FNDA:0,(anonymous_60)
FNDA:0,(anonymous_61)
DA:1,0
DA:2,0
DA:3,0
DA:4,0
DA:5,0
DA:7,0
DA:8,0
DA:9,0
DA:10,0
DA:14,0
DA:15,0
DA:17,0
DA:18,0
DA:27,0
DA:28,0
DA:34,0
DA:35,0
DA:45,0
DA:46,0
DA:48,0
DA:53,0
DA:55,0
DA:56,0
DA:58,0
DA:59,0
DA:61,0
DA:62,0
DA:72,0
DA:73,0
DA:79,0
DA:80,0
DA:89,0
DA:90,0
DA:96,0
DA:102,0
DA:116,0
DA:120,0
DA:128,0
DA:129,0
DA:131,0
DA:132,0
DA:133,0
DA:134,0
DA:135,0
DA:138,0
DA:148,0
DA:154,0
DA:155,0
DA:193,0
DA:196,0
DA:197,0
DA:198,0
DA:199,0
DA:203,0
DA:204,0
DA:205,0
DA:212,0
DA:214,0
DA:220,0
DA:221,0
DA:222,0
DA:225,0
DA:227,0
DA:228,0
DA:232,0
DA:239,0
DA:240,0
DA:241,0
DA:244,0
DA:248,0
DA:255,0
DA:258,0
DA:262,0
DA:263,0
DA:264,0
DA:282,0
DA:283,0
DA:284,0
DA:286,0
DA:287,0
DA:288,0
DA:290,0
DA:291,0
DA:292,0
DA:295,0
DA:298,0
DA:299,0
DA:302,0
DA:306,0
DA:307,0
DA:311,0
DA:312,0
DA:313,0
DA:314,0
DA:333,0
DA:334,0
DA:335,0
DA:337,0
DA:338,0
DA:339,0
DA:341,0
DA:342,0
DA:343,0
DA:344,0
DA:345,0
DA:346,0
DA:347,0
DA:349,0
DA:350,0
DA:354,0
DA:355,0
DA:356,0
DA:358,0
DA:360,0
DA:366,0
DA:367,0
DA:370,0
DA:372,0
DA:373,0
DA:374,0
DA:380,0
DA:388,0
DA:389,0
DA:390,0
DA:393,0
DA:396,0
DA:406,0
DA:407,0
DA:408,0
DA:410,0
DA:415,0
DA:416,0
DA:417,0
DA:420,0
DA:421,0
DA:441,0
DA:442,0
DA:443,0
DA:444,0
DA:445,0
DA:446,0
DA:447,0
DA:448,0
DA:449,0
DA:450,0
DA:454,0
DA:455,0
DA:458,0
DA:459,0
DA:463,0
DA:465,0
DA:472,0
DA:473,0
DA:476,0
DA:479,0
DA:480,0
DA:481,0
DA:484,0
DA:485,0
DA:489,0
DA:490,0
DA:493,0
DA:494,0
DA:499,0
DA:500,0
DA:501,0
DA:506,0
DA:507,0
DA:510,0
DA:511,0
DA:515,0
DA:516,0
DA:518,0
DA:520,0
DA:521,0
DA:522,0
DA:525,0
DA:526,0
DA:542,0
DA:543,0
DA:544,0
DA:545,0
DA:546,0
DA:547,0
DA:549,0
DA:556,0
DA:557,0
DA:558,0
DA:561,0
DA:563,0
DA:570,0
DA:572,0
DA:576,0
DA:577,0
DA:578,0
DA:583,0
DA:588,0
DA:589,0
DA:590,0
DA:593,0
DA:596,0
DA:603,0
DA:604,0
DA:608,0
DA:609,0
DA:610,0
DA:611,0
DA:616,0
DA:621,0
DA:622,0
DA:623,0
DA:627,0
DA:632,0
DA:633,0
DA:634,0
DA:637,0
DA:644,0
DA:645,0
DA:646,0
DA:649,0
DA:650,0
DA:664,0
DA:665,0
DA:666,0
DA:667,0
DA:668,0
DA:669,0
DA:670,0
DA:676,0
DA:677,0
DA:678,0
DA:679,0
DA:686,0
DA:688,0
DA:695,0
DA:700,0
DA:701,0
DA:702,0
DA:706,0
DA:712,0
DA:713,0
DA:714,0
DA:717,0
DA:718,0
DA:719,0
DA:720,0
DA:721,0
DA:722,0
DA:725,0
DA:729,0
DA:730,0
DA:731,0
DA:733,0
DA:737,0
DA:748,0
DA:749,0
DA:750,0
DA:753,0
DA:756,0
DA:762,0
DA:763,0
DA:764,0
DA:767,0
DA:769,0
DA:776,0
DA:777,0
DA:812,0
DA:813,0
DA:816,0
DA:819,0
DA:820,0
DA:823,0
DA:826,0
DA:827,0
DA:828,0
DA:850,0
DA:851,0
DA:852,0
DA:867,0
DA:868,0
DA:869,0
DA:870,0
DA:873,0
DA:874,0
DA:876,0
DA:877,0
DA:882,0
DA:883,0
DA:884,0
DA:885,0
DA:891,0
DA:892,0
DA:898,0
DA:899,0
DA:900,0
DA:903,0
DA:907,0
DA:908,0
DA:909,0
DA:910,0
DA:912,0
DA:913,0
DA:915,0
DA:916,0
DA:917,0
DA:920,0
DA:921,0
DA:922,0
DA:927,0
DA:928,0
DA:929,0
DA:931,0
DA:932,0
DA:933,0
DA:934,0
DA:936,0
DA:937,0
DA:944,0
DA:945,0
DA:946,0
DA:953,0
DA:954,0
DA:955,0
DA:957,0
DA:958,0
DA:965,0
DA:966,0
DA:967,0
DA:968,0
DA:969,0
DA:970,0
DA:972,0
DA:981,0
DA:982,0
DA:983,0
DA:985,0
DA:986,0
DA:994,0
DA:995,0
DA:997,0
DA:1005,0
DA:1006,0
DA:1007,0
DA:1009,0
DA:1010,0
DA:1018,0
DA:1019,0
DA:1020,0
DA:1021,0
DA:1022,0
DA:1023,0
DA:1027,0
DA:1045,0
DA:1046,0
DA:1047,0
DA:1050,0
DA:1051,0
DA:1052,0
DA:1068,0
DA:1069,0
DA:1070,0
DA:1071,0
DA:1073,0
DA:1075,0
DA:1084,0
DA:1085,0
DA:1088,0
DA:1089,0
DA:1093,0
DA:1094,0
DA:1095,0
DA:1099,0
DA:1104,0
DA:1105,0
DA:1106,0
DA:1107,0
DA:1113,0
DA:1114,0
DA:1115,0
DA:1116,0
DA:1118,0
DA:1120,0
DA:1123,0
DA:1126,0
DA:1132,0
DA:1134,0
DA:1137,0
DA:1138,0
DA:1140,0
DA:1142,0
DA:1144,0
DA:1146,0
DA:1148,0
DA:1150,0
DA:1151,0
DA:1153,0
DA:1155,0
DA:1157,0
DA:1162,0
DA:1163,0
DA:1164,0
DA:1167,0
DA:1178,0
DA:1184,0
DA:1200,0
DA:1201,0
DA:1204,0
DA:1205,0
DA:1207,0
DA:1210,0
DA:1215,0
DA:1216,0
DA:1217,0
DA:1218,0
DA:1219,0
DA:1222,0
DA:1226,0
DA:1227,0
DA:1229,0
DA:1230,0
DA:1231,0
DA:1232,0
DA:1234,0
DA:1235,0
DA:1236,0
DA:1237,0
DA:1239,0
DA:1241,0
DA:1242,0
DA:1244,0
DA:1245,0
DA:1246,0
DA:1248,0
DA:1250,0
DA:1255,0
DA:1259,0
DA:1260,0
DA:1261,0
DA:1267,0
DA:1268,0
DA:1269,0
DA:1270,0
DA:1272,0
DA:1282,0
DA:1284,0
DA:1287,0
DA:1291,0
DA:1293,0
DA:1298,0
DA:1299,0
DA:1307,0
DA:1308,0
DA:1310,0
DA:1317,0
DA:1318,0
DA:1320,0
DA:1326,0
DA:1331,0
DA:1333,0
DA:1340,0
DA:1341,0
DA:1342,0
DA:1345,0
DA:1346,0
DA:1348,0
DA:1349,0
DA:1350,0
DA:1351,0
DA:1354,0
DA:1362,0
DA:1364,0
DA:1366,0
DA:1367,0
DA:1371,0
DA:1372,0
DA:1373,0
DA:1376,0
DA:1392,0
DA:1393,0
DA:1394,0
DA:1395,0
DA:1398,0
DA:1400,0
DA:1401,0
DA:1404,0
DA:1407,0
DA:1408,0
DA:1409,0
DA:1413,0
DA:1418,0
DA:1419,0
LF:491
LH:0
BRDA:15,0,0,0
BRDA:26,1,0,0
BRDA:27,2,0,0
BRDA:27,3,0,0
BRDA:27,3,1,0
BRDA:27,3,2,0
BRDA:34,4,0,0
BRDA:34,5,0,0
BRDA:34,5,1,0
BRDA:34,5,2,0
BRDA:42,6,0,0
BRDA:43,7,0,0
BRDA:45,8,0,0
BRDA:45,9,0,0
BRDA:45,9,1,0
BRDA:45,9,2,0
BRDA:48,10,0,0
BRDA:49,11,0,0
BRDA:49,11,1,0
BRDA:49,11,2,0
BRDA:49,11,3,0
BRDA:55,12,0,0
BRDA:55,13,0,0
BRDA:55,13,1,0
BRDA:55,13,2,0
BRDA:58,14,0,0
BRDA:58,15,0,0
BRDA:58,15,1,0
BRDA:58,15,2,0
BRDA:61,16,0,0
BRDA:61,17,0,0
BRDA:61,17,1,0
BRDA:61,17,2,0
BRDA:70,18,0,0
BRDA:72,19,0,0
BRDA:72,20,0,0
BRDA:72,20,1,0
BRDA:79,21,0,0
BRDA:79,22,0,0
BRDA:79,22,1,0
BRDA:79,22,2,0
BRDA:88,23,0,0
BRDA:89,24,0,0
BRDA:89,25,0,0
BRDA:89,25,1,0
BRDA:89,25,2,0
BRDA:96,26,0,0
BRDA:97,27,0,0
BRDA:97,27,1,0
BRDA:97,27,2,0
BRDA:97,27,3,0
BRDA:97,27,4,0
BRDA:113,28,0,0
BRDA:114,29,0,0
BRDA:116,30,0,0
BRDA:117,31,0,0
BRDA:117,31,1,0
BRDA:117,31,2,0
BRDA:117,31,3,0
BRDA:122,32,0,0
BRDA:122,32,1,0
BRDA:128,33,0,0
BRDA:128,34,0,0
BRDA:128,34,1,0
BRDA:128,34,2,0
BRDA:131,35,0,0
BRDA:131,36,0,0
BRDA:131,36,1,0
BRDA:134,37,0,0
BRDA:197,38,0,0
BRDA:204,39,0,0
BRDA:220,40,0,0
BRDA:227,41,0,0
BRDA:236,42,0,0
BRDA:236,42,1,0
BRDA:239,43,0,0
BRDA:261,44,0,0
BRDA:282,45,0,0
BRDA:286,46,0,0
BRDA:291,47,0,0
BRDA:291,47,1,0
BRDA:294,48,0,0
BRDA:294,48,1,0
BRDA:298,49,0,0
BRDA:301,50,0,0
BRDA:301,50,1,0
BRDA:310,51,0,0
BRDA:333,52,0,0
BRDA:337,53,0,0
BRDA:342,54,0,0
BRDA:342,54,1,0
BRDA:344,55,0,0
BRDA:344,55,1,0
BRDA:345,56,0,0
BRDA:347,57,0,0
BRDA:347,57,1,0
BRDA:355,58,0,0
BRDA:358,59,0,0
BRDA:366,60,0,0
BRDA:372,61,0,0
BRDA:388,62,0,0
BRDA:415,63,0,0
BRDA:443,64,0,0
BRDA:445,65,0,0
BRDA:446,66,0,0
BRDA:448,67,0,0
BRDA:458,68,0,0
BRDA:463,69,0,0
BRDA:463,70,0,0
BRDA:463,70,1,0
BRDA:472,71,0,0
BRDA:479,72,0,0
BRDA:489,73,0,0
BRDA:490,74,0,0
BRDA:490,74,1,0
BRDA:493,75,0,0
BRDA:499,76,0,0
BRDA:506,77,0,0
BRDA:520,78,0,0
BRDA:544,79,0,0
BRDA:553,80,0,0
BRDA:553,80,1,0
BRDA:556,81,0,0
BRDA:588,82,0,0
BRDA:621,83,0,0
BRDA:621,84,0,0
BRDA:621,84,1,0
BRDA:632,85,0,0
BRDA:632,86,0,0
BRDA:632,86,1,0
BRDA:644,87,0,0
BRDA:667,88,0,0
BRDA:667,88,1,0
BRDA:669,89,0,0
BRDA:676,90,0,0
BRDA:676,90,1,0
BRDA:678,91,0,0
BRDA:690,92,0,0
BRDA:690,92,1,0
BRDA:700,93,0,0
BRDA:700,94,0,0
BRDA:700,94,1,0
BRDA:712,95,0,0
BRDA:718,96,0,0
BRDA:718,96,1,0
BRDA:720,97,0,0
BRDA:720,97,1,0
BRDA:720,98,0,0
BRDA:720,98,1,0
BRDA:721,99,0,0
BRDA:730,100,0,0
BRDA:730,100,1,0
BRDA:748,101,0,0
BRDA:762,102,0,0
BRDA:812,103,0,0
BRDA:819,104,0,0
BRDA:826,105,0,0
BRDA:826,105,1,0
BRDA:830,106,0,0
BRDA:830,106,1,0
BRDA:831,107,0,0
BRDA:831,107,1,0
BRDA:840,108,0,0
BRDA:840,108,1,0
BRDA:842,109,0,0
BRDA:842,109,1,0
BRDA:842,110,0,0
BRDA:842,110,1,0
BRDA:844,111,0,0
BRDA:844,111,1,0
BRDA:850,112,0,0
BRDA:850,112,1,0
BRDA:854,113,0,0
BRDA:854,113,1,0
BRDA:855,114,0,0
BRDA:855,114,1,0
BRDA:881,115,0,0
BRDA:882,116,0,0
BRDA:884,117,0,0
BRDA:891,118,0,0
BRDA:898,119,0,0
BRDA:898,120,0,0
BRDA:898,120,1,0
BRDA:907,121,0,0
BRDA:907,121,1,0
BRDA:909,122,0,0
BRDA:909,123,0,0
BRDA:909,123,1,0
BRDA:912,124,0,0
BRDA:915,125,0,0
BRDA:927,126,0,0
BRDA:932,127,0,0
BRDA:936,128,0,0
BRDA:936,128,1,0
BRDA:943,129,0,0
BRDA:953,130,0,0
BRDA:957,131,0,0
BRDA:957,131,1,0
BRDA:964,132,0,0
BRDA:981,133,0,0
BRDA:985,134,0,0
BRDA:985,134,1,0
BRDA:1005,135,0,0
BRDA:1009,136,0,0
BRDA:1009,136,1,0
BRDA:1021,137,0,0
BRDA:1045,138,0,0
BRDA:1050,139,0,0
BRDA:1050,139,1,0
BRDA:1065,140,0,0
BRDA:1066,141,0,0
BRDA:1069,142,0,0
BRDA:1069,142,1,0
BRDA:1070,143,0,0
BRDA:1070,143,1,0
BRDA:1070,144,0,0
BRDA:1070,144,1,0
BRDA:1070,144,2,0
BRDA:1084,145,0,0
BRDA:1084,146,0,0
BRDA:1084,146,1,0
BRDA:1095,147,0,0
BRDA:1095,147,1,0
BRDA:1105,148,0,0
BRDA:1115,149,0,0
BRDA:1138,150,0,0
BRDA:1138,150,1,0
BRDA:1138,150,2,0
BRDA:1138,150,3,0
BRDA:1138,150,4,0
BRDA:1138,150,5,0
BRDA:1138,150,6,0
BRDA:1138,150,7,0
BRDA:1138,150,8,0
BRDA:1214,151,0,0
BRDA:1215,152,0,0
BRDA:1217,153,0,0
BRDA:1226,154,0,0
BRDA:1229,155,0,0
BRDA:1235,156,0,0
BRDA:1239,157,0,0
BRDA:1242,158,0,0
BRDA:1242,158,1,0
BRDA:1245,159,0,0
BRDA:1268,160,0,0
BRDA:1268,160,1,0
BRDA:1269,161,0,0
BRDA:1269,161,1,0
BRDA:1298,162,0,0
BRDA:1316,163,0,0
BRDA:1340,164,0,0
BRDA:1349,165,0,0
BRDA:1350,166,0,0
BRDA:1350,167,0,0
BRDA:1350,167,1,0
BRDA:1361,168,0,0
BRDA:1371,169,0,0
BRDA:1371,170,0,0
BRDA:1371,170,1,0
BRDA:1392,171,0,0
BRDA:1392,171,1,0
BRDA:1394,172,0,0
BRDA:1400,173,0,0
BRDA:1407,174,0,0
BRF:264
BRH:0
end_of_record
TN:
SF:src/lib/db/db.querybuilder.ts
FN:4,isStringRecord
FN:15,buildSelectQuery
FNF:2
FNH:0
FNDA:0,isStringRecord
FNDA:0,buildSelectQuery
DA:5,0
DA:15,0
DA:20,0
DA:22,0
DA:23,0
DA:32,0
DA:33,0
DA:34,0
DA:37,0
DA:38,0
DA:46,0
DA:47,0
DA:48,0
DA:49,0
DA:50,0
DA:51,0
DA:53,0
DA:57,0
DA:63,0
DA:65,0
DA:71,0
LF:21
LH:0
BRDA:5,0,0,0
BRDA:5,0,1,0
BRDA:5,0,2,0
BRDA:22,1,0,0
BRDA:34,2,0,0
BRDA:34,2,1,0
BRDA:34,3,0,0
BRDA:34,3,1,0
BRDA:34,3,2,0
BRDA:38,4,0,0
BRDA:38,4,1,0
BRDA:38,5,0,0
BRDA:38,5,1,0
BRDA:38,5,2,0
BRDA:46,6,0,0
BRDA:48,7,0,0
BRDA:57,8,0,0
BRF:17
BRH:0
end_of_record
TN:
SF:src/lib/db/db.rawtypes.ts
FNF:0
FNH:0
DA:359,0
LF:1
LH:0
BRF:0
BRH:0
end_of_record
